Flow report for DE2_Default
Wed Apr 13 23:48:48 2022
Quartus II 64-Bit Version 12.1 Build 177 11/07/2012 SJ Full Version


---------------------
; Table of Contents ;
---------------------
  1. Legal Notice
  2. Flow Summary
  3. Flow Settings
  4. Flow Non-Default Global Settings
  5. Flow Elapsed Time
  6. Flow OS Summary
  7. Flow Log



----------------
; Legal Notice ;
----------------
Copyright (C) 1991-2012 Altera Corporation
Your use of Altera Corporation's design tools, logic functions 
and other software and tools, and its AMPP partner logic 
functions, and any output files from any of the foregoing 
(including device programming or simulation files), and any 
associated documentation or information are expressly subject 
to the terms and conditions of the Altera Program License 
Subscription Agreement, Altera MegaCore Function License 
Agreement, or other applicable license agreement, including, 
without limitation, that your use is for the sole purpose of 
programming logic devices manufactured by Altera and sold by 
Altera or its authorized distributors.  Please refer to the 
applicable agreement for further details.



+--------------------------------------------------------------------------------+
; Flow Summary                                                                   ;
+------------------------------------+-------------------------------------------+
; Flow Status                        ; Successful - Wed Apr 13 23:48:43 2022     ;
; Quartus II 64-Bit Version          ; 12.1 Build 177 11/07/2012 SJ Full Version ;
; Revision Name                      ; DE2_Default                               ;
; Top-level Entity Name              ; DE2_Default                               ;
; Family                             ; Cyclone IV E                              ;
; Total logic elements               ; 125 / 28,848 ( < 1 % )                    ;
;     Total combinational functions  ; 122 / 28,848 ( < 1 % )                    ;
;     Dedicated logic registers      ; 73 / 28,848 ( < 1 % )                     ;
; Total registers                    ; 73                                        ;
; Total pins                         ; 425 / 533 ( 80 % )                        ;
; Total virtual pins                 ; 0                                         ;
; Total memory bits                  ; 0 / 608,256 ( 0 % )                       ;
; Embedded Multiplier 9-bit elements ; 0 / 132 ( 0 % )                           ;
; Total PLLs                         ; 1 / 4 ( 25 % )                            ;
; Device                             ; EP4CE30F29C6                              ;
; Timing Models                      ; Final                                     ;
+------------------------------------+-------------------------------------------+


+-----------------------------------------+
; Flow Settings                           ;
+-------------------+---------------------+
; Option            ; Setting             ;
+-------------------+---------------------+
; Start date & time ; 04/13/2022 23:48:06 ;
; Main task         ; Compilation         ;
; Revision Name     ; DE2_Default         ;
+-------------------+---------------------+


+------------------------------------------------------------------------------------------------------------------+
; Flow Non-Default Global Settings                                                                                 ;
+-------------------------------------+---------------------------------+---------------+-------------+------------+
; Assignment Name                     ; Value                           ; Default Value ; Entity Name ; Section Id ;
+-------------------------------------+---------------------------------+---------------+-------------+------------+
; COMPILER_SIGNATURE_ID               ; 211375643457994.164987388602692 ; --            ; --          ; --         ;
; PARTITION_COLOR                     ; 16764057                        ; --            ; --          ; Top        ;
; PARTITION_FITTER_PRESERVATION_LEVEL ; PLACEMENT_AND_ROUTING           ; --            ; --          ; Top        ;
; PARTITION_NETLIST_TYPE              ; SOURCE                          ; --            ; --          ; Top        ;
+-------------------------------------+---------------------------------+---------------+-------------+------------+


+-------------------------------------------------------------------------------------------------------------------------------+
; Flow Elapsed Time                                                                                                             ;
+---------------------------+--------------+-------------------------+---------------------+------------------------------------+
; Module Name               ; Elapsed Time ; Average Processors Used ; Peak Virtual Memory ; Total CPU Time (on all processors) ;
+---------------------------+--------------+-------------------------+---------------------+------------------------------------+
; Analysis & Synthesis      ; 00:00:02     ; 1.0                     ; 4600 MB             ; 00:00:01                           ;
; Fitter                    ; 00:00:27     ; 3.5                     ; 4948 MB             ; 00:00:32                           ;
; Assembler                 ; 00:00:02     ; 1.0                     ; 4568 MB             ; 00:00:02                           ;
; TimeQuest Timing Analyzer ; 00:00:04     ; 1.0                     ; 4659 MB             ; 00:00:04                           ;
; Total                     ; 00:00:35     ; --                      ; --                  ; 00:00:39                           ;
+---------------------------+--------------+-------------------------+---------------------+------------------------------------+


+----------------------------------------------------------------------------------------+
; Flow OS Summary                                                                        ;
+---------------------------+------------------+-----------+------------+----------------+
; Module Name               ; Machine Hostname ; OS Name   ; OS Version ; Processor type ;
+---------------------------+------------------+-----------+------------+----------------+
; Analysis & Synthesis      ; DESKTOP-1UHUO1C  ; Windows 7 ; 6.2        ; x86_64         ;
; Fitter                    ; DESKTOP-1UHUO1C  ; Windows 7 ; 6.2        ; x86_64         ;
; Assembler                 ; DESKTOP-1UHUO1C  ; Windows 7 ; 6.2        ; x86_64         ;
; TimeQuest Timing Analyzer ; DESKTOP-1UHUO1C  ; Windows 7 ; 6.2        ; x86_64         ;
+---------------------------+------------------+-----------+------------+----------------+


------------
; Flow Log ;
------------
quartus_map --read_settings_files=on --write_settings_files=off DE2_Default -c DE2_Default
quartus_fit --read_settings_files=off --write_settings_files=off DE2_Default -c DE2_Default
quartus_asm --read_settings_files=off --write_settings_files=off DE2_Default -c DE2_Default
quartus_sta DE2_Default -c DE2_Default



