
**** Build of configuration Nios II for project stage1 ****

make all 
      0 [main] sh 19932 find_fast_cwd: WARNING: Couldn't compute FAST_CWD pointer.  Please report this problem to
the public mailing list cygwin@cygwin.com
      0 [main] sh 15276 find_fast_cwd: WARNING: Couldn't compute FAST_CWD pointer.  Please report this problem to
the public mailing list cygwin@cygwin.com
      1 [main] echo 15832 find_fast_cwd: WARNING: Couldn't compute FAST_CWD pointer.  Please report this problem to
Info: Building ../stage1_bsp/
the public mailing list cygwin@cygwin.com
make --no-print-directory -C ../stage1_bsp/
      1 [main] pwd 2732 find_fast_cwd: WARNING: Couldn't compute FAST_CWD pointer.  Please report this problem to
the public mailing list cygwin@cygwin.com
      0 [main] sh 14676 find_fast_cwd: WARNING: Couldn't compute FAST_CWD pointer.  Please report this problem to
the public mailing list cygwin@cygwin.com
      0 [main] sh 21116 find_fast_cwd: WARNING: Couldn't compute FAST_CWD pointer.  Please report this problem to
the public mailing list cygwin@cygwin.com
[BSP build complete]
      1 [main] echo 20732 find_fast_cwd: WARNING: Couldn't compute FAST_CWD pointer.  Please report this problem to
the public mailing list cygwin@cygwin.com
Info: Compiling encoder.c to obj/default/encoder.o
      1 [main] mkdir 9912 find_fast_cwd: WARNING: Couldn't compute FAST_CWD pointer.  Please report this problem to
the public mailing list cygwin@cygwin.com
nios2-elf-gcc -xc -MP -MMD -c -I../stage1_bsp//HAL/inc -I../stage1_bsp/ -I../stage1_bsp//drivers/inc  -DSYSTEM_BUS_WIDTH=32 -pipe -D__hal__ -DALT_NO_INSTRUCTION_EMULATION -DALT_SINGLE_THREADED    -O0 -g -Wall   -EL -mno-hw-div -mno-hw-mul -mno-hw-mulx  -o obj/default/encoder.o encoder.c
encoder.c: In function 'encode_image':
encoder.c:109: warning: implicit declaration of function 'SEND4'
encoder.c:114: warning: implicit declaration of function 'SEND5'
encoder.c:146: warning: ignoring #pragma flush 
{standard input}: Assembler messages:
{standard input}:266: Error: unrecognized instruction dummy
{standard input}:341: Error: unrecognized instruction dummy
make: *** [obj/default/encoder.o] Error 1

**** Build Finished ****
