Info: Starting: Create block symbol file (.bsf)
Info: ip-generate --project-directory=C:/Users/akila/Documents/co503/repo/FPGA_CO503/Lab2/ --output-directory=C:/Users/akila/Documents/co503/repo/FPGA_CO503/Lab2/SoC/ --report-file=bsf:C:/Users/akila/Documents/co503/repo/FPGA_CO503/Lab2/SoC.bsf --system-info=DEVICE_FAMILY="Cyclone IV E" --system-info=DEVICE=EP4CE115F29C7 --system-info=DEVICE_SPEEDGRADE=7 --component-file=C:/Users/akila/Documents/co503/repo/FPGA_CO503/Lab2/SoC.qsys
Progress: Loading Lab2/SoC.qsys
Progress: Reading input file
Progress: Adding clock [clock_source 12.1]
Progress: Parameterizing module clock
Progress: Adding PLL [altpll 12.1]
Progress: Parameterizing module PLL
Progress: Adding cpu [altera_nios2_qsys 12.1]
Progress: Parameterizing module cpu
Progress: Adding sdram_control [altera_avalon_new_sdram_controller 12.1]
Progress: Parameterizing module sdram_control
Progress: Adding jtag_uart [altera_avalon_jtag_uart 12.1]
Progress: Parameterizing module jtag_uart
Progress: Adding timer [altera_avalon_timer 12.1]
Progress: Parameterizing module timer
Progress: Adding sysid [altera_avalon_sysid_qsys 12.1]
Progress: Parameterizing module sysid
Progress: Adding led_out [altera_avalon_pio 12.1]
Progress: Parameterizing module led_out
Progress: Adding mm_clock_crossing_bridge_0 [altera_avalon_mm_clock_crossing_bridge 12.1]
Progress: Parameterizing module mm_clock_crossing_bridge_0
Progress: Adding high_freq_timer [altera_avalon_timer 12.1]
Progress: Parameterizing module high_freq_timer
Progress: Adding CRC_Custom_Instruction_0 [CRC_Custom_Instruction 1.0]
Progress: Parameterizing module CRC_Custom_Instruction_0
Progress: Building connections
Progress: Parameterizing connections
Progress: Validating
Progress: Done reading input file
Info: SoC.sysid: System ID is not assigned automatically. Edit the System ID parameter to provide a unique ID
Info: SoC.sysid: Time stamp will be automatically updated when this component is generated.
Warning: SoC.PLL: PLL.areset_conduit must be exported, or connected to a matching conduit.
Warning: SoC.PLL: PLL.locked_conduit must be exported, or connected to a matching conduit.
Warning: SoC.PLL: PLL.phasedone_conduit must be exported, or connected to a matching conduit.
Info: ip-generate succeeded.
Info: Finished: Create block symbol file (.bsf)
Info: 
Info: Starting: Create HDL design files for synthesis
Info: ip-generate --project-directory=C:/Users/akila/Documents/co503/repo/FPGA_CO503/Lab2/ --output-directory=C:/Users/akila/Documents/co503/repo/FPGA_CO503/Lab2/SoC/synthesis/ --file-set=QUARTUS_SYNTH --report-file=sopcinfo:C:/Users/akila/Documents/co503/repo/FPGA_CO503/Lab2/SoC.sopcinfo --report-file=html:C:/Users/akila/Documents/co503/repo/FPGA_CO503/Lab2/SoC.html --report-file=qip:C:/Users/akila/Documents/co503/repo/FPGA_CO503/Lab2/SoC/synthesis/SoC.qip --report-file=cmp:C:/Users/akila/Documents/co503/repo/FPGA_CO503/Lab2/SoC.cmp --system-info=DEVICE_FAMILY="Cyclone IV E" --system-info=DEVICE=EP4CE115F29C7 --system-info=DEVICE_SPEEDGRADE=7 --component-file=C:/Users/akila/Documents/co503/repo/FPGA_CO503/Lab2/SoC.qsys
Progress: Loading Lab2/SoC.qsys
Progress: Reading input file
Progress: Adding clock [clock_source 12.1]
Progress: Parameterizing module clock
Progress: Adding PLL [altpll 12.1]
Progress: Parameterizing module PLL
Progress: Adding cpu [altera_nios2_qsys 12.1]
Progress: Parameterizing module cpu
Progress: Adding sdram_control [altera_avalon_new_sdram_controller 12.1]
Progress: Parameterizing module sdram_control
Progress: Adding jtag_uart [altera_avalon_jtag_uart 12.1]
Progress: Parameterizing module jtag_uart
Progress: Adding timer [altera_avalon_timer 12.1]
Progress: Parameterizing module timer
Progress: Adding sysid [altera_avalon_sysid_qsys 12.1]
Progress: Parameterizing module sysid
Progress: Adding led_out [altera_avalon_pio 12.1]
Progress: Parameterizing module led_out
Progress: Adding mm_clock_crossing_bridge_0 [altera_avalon_mm_clock_crossing_bridge 12.1]
Progress: Parameterizing module mm_clock_crossing_bridge_0
Progress: Adding high_freq_timer [altera_avalon_timer 12.1]
Progress: Parameterizing module high_freq_timer
Progress: Adding CRC_Custom_Instruction_0 [CRC_Custom_Instruction 1.0]
Progress: Parameterizing module CRC_Custom_Instruction_0
Progress: Building connections
Progress: Parameterizing connections
Progress: Validating
Progress: Done reading input file
Info: SoC.sysid: System ID is not assigned automatically. Edit the System ID parameter to provide a unique ID
Info: SoC.sysid: Time stamp will be automatically updated when this component is generated.
Warning: SoC.PLL: PLL.areset_conduit must be exported, or connected to a matching conduit.
Warning: SoC.PLL: PLL.locked_conduit must be exported, or connected to a matching conduit.
Warning: SoC.PLL: PLL.phasedone_conduit must be exported, or connected to a matching conduit.
Info: SoC: Generating SoC "SoC" for QUARTUS_SYNTH
Info: pipeline_bridge_swap_transform: After transform: 11 modules, 48 connections
Info: merlin_custom_instruction_transform: After transform: 14 modules, 51 connections
Info: merlin_translator_transform: After transform: 26 modules, 99 connections
Info: merlin_domain_transform: After transform: 50 modules, 254 connections
Info: merlin_router_transform: After transform: 62 modules, 302 connections
Info: merlin_traffic_limiter_transform: After transform: 64 modules, 312 connections
Info: reset_adaptation_transform: After transform: 67 modules, 250 connections
Info: merlin_network_to_switch_transform: After transform: 89 modules, 296 connections
Info: Inserting clock-crossing logic between cmd_xbar_demux_001.src2 and cmd_xbar_mux_002.sink0
Info: Inserting clock-crossing logic between rsp_xbar_demux_002.src0 and rsp_xbar_mux_001.sink2
Info: com_altera_sopcmodel_transforms_avalon_ClockCrossingTransform: After transform: 91 modules, 306 connections
Info: limiter_update_transform: After transform: 91 modules, 308 connections
Info: merlin_interrupt_mapper_transform: After transform: 92 modules, 311 connections
Info: merlin_interrupt_sync_transform: After transform: 94 modules, 321 connections
Warning: SoC: "No matching role found for CRC_Custom_Instruction_0:nios_custom_instruction_slave:start (start)"
Warning: SoC: "No matching role found for CRC_Custom_Instruction_0:nios_custom_instruction_slave:done (done)"
Warning: SoC: "No matching role found for CRC_Custom_Instruction_0:nios_custom_instruction_slave:clk_en (clk_en)"
Info: PLL: "SoC" instantiated altpll "PLL"
Info: cpu: Starting RTL generation for module 'SoC_cpu'
Info: cpu:   Generation command is [exec C:/altera/12.1/quartus/../ip/altera/nios2_ip/altera_nios2/eperl.exe -I C:/altera/12.1/quartus/common/ip/altera/common/perl/5.8.3 -I C:/altera/12.1/quartus/sopc_builder/bin/europa -I C:/altera/12.1/quartus/sopc_builder/bin/perl_lib -I C:/altera/12.1/quartus/sopc_builder/bin -I C:/altera/12.1/quartus/../ip/altera/nios2_ip/altera_nios2/cpu_lib -I C:/altera/12.1/quartus/../ip/altera/nios2_ip/altera_nios2/nios_lib -I C:/altera/12.1/quartus/../ip/altera/nios2_ip/altera_nios2 -I C:/altera/12.1/quartus/../ip/altera/nios2_ip/altera_nios2 -- C:/altera/12.1/quartus/../ip/altera/nios2_ip/altera_nios2/generate_rtl.epl --name=SoC_cpu --dir=C:/Users/akila/AppData/Local/Temp/alt9048_5261790896993327527.dir/0003_cpu_gen/ --quartus_dir=C:/altera/12.1/quartus --verilog --config=C:/Users/akila/AppData/Local/Temp/alt9048_5261790896993327527.dir/0003_cpu_gen//SoC_cpu_processor_configuration.pl  --do_build_sim=0    --bogus  ]
Info: cpu: # 2022.02.25 14:55:27 (*) Starting Nios II generation
Info: cpu: # 2022.02.25 14:55:27 (*)   Checking for plaintext license.
Info: cpu: # 2022.02.25 14:55:29 (*)   Plaintext license not found.
Info: cpu: # 2022.02.25 14:55:29 (*)   Checking for encrypted license (non-evaluation).
Info: cpu: # 2022.02.25 14:55:30 (*)   Encrypted license found.  SOF will not be time-limited.
Info: cpu: # 2022.02.25 14:55:30 (*)   Elaborating CPU configuration settings
Info: cpu: # 2022.02.25 14:55:30 (*)   Creating all objects for CPU
Info: cpu: # 2022.02.25 14:55:33 (*)     Pipeline frontend
Info: cpu: # 2022.02.25 14:55:36 (*)   Generating RTL from CPU objects
Info: cpu: # 2022.02.25 14:55:43 (*)   Creating encrypted RTL
Info: cpu: # 2022.02.25 14:55:45 (*) Done Nios II generation
Info: cpu: Done RTL generation for module 'SoC_cpu'
Info: cpu: "SoC" instantiated altera_nios2_qsys "cpu"
Info: Starting classic module elaboration.
      4 [main] sh 16288 find_fast_cwd: WARNING: Couldn't compute FAST_CWD pointer.  Please report this problem to
the public mailing list cygwin@cygwin.com
Qt: Untested Windows version 6.2 detected!
"c:/altera/12.1/quartus/bin/jre/bin/java.exe" -Xmx512M -classpath "c:/altera/12.1/quartus/sopc_builder/bin/sopc_builder.jar;c:/altera/12.1/quartus/sopc_builder/bin/PinAssigner.jar;c:/altera/12.1/quartus/sopc_builder/bin/sopc_wizard.jar;c:/altera/12.1/quartus/sopc_builder/bin/jptf.jar" sopc_builder.sopc_builder  -d"c:/altera/12.1/quartus/sopc_builder" -notalkback=1 -projectnameyysystem.qpf -projectpathC:/Users/akila/AppData/Local/Temp/alt9048_5261790896993327527.dir/0004_sopclgen  --no_splash --refresh C:/Users/akila/AppData/Local/Temp/alt9048_5261790896993327527.dir/0004_sopclgen/yysystem.v --quartus_dir="c:/altera/12.1/quartus" --sopc_perl="c:/altera/12.1/quartus/bin/perl" --sopc_lib_path="++c:/altera/12.1/quartus/../ip/altera/sopc_builder_ip+c:/altera/12.1/quartus/../ip/altera/nios2_ip"
Info: Finished elaborating classic module.
Executing: C:/altera/12.1/quartus//sopc_builder/bin/sopc_builder --classic --generate C:/Users/akila/AppData/Local/Temp/alt9048_5261790896993327527.dir/0004_sopclgen/yysystem.ptf
Info: Running sopc_builder...
      4 [main] sh 20928 find_fast_cwd: WARNING: Couldn't compute FAST_CWD pointer.  Please report this problem to
the public mailing list cygwin@cygwin.com
Qt: Untested Windows version 6.2 detected!
"c:/altera/12.1/quartus/bin/jre/bin/java.exe" -Xmx512M -classpath "c:/altera/12.1/quartus/sopc_builder/bin/sopc_builder.jar;c:/altera/12.1/quartus/sopc_builder/bin/PinAssigner.jar;c:/altera/12.1/quartus/sopc_builder/bin/sopc_wizard.jar;c:/altera/12.1/quartus/sopc_builder/bin/jptf.jar" sopc_builder.sopc_builder  -d"c:/altera/12.1/quartus/sopc_builder" -notalkback=1 -projectnameyysystem.qpf -projectpathC:/Users/akila/AppData/Local/Temp/alt9048_5261790896993327527.dir/0004_sopclgen  --generate C:/Users/akila/AppData/Local/Temp/alt9048_5261790896993327527.dir/0004_sopclgen/yysystem.v --quartus_dir="c:/altera/12.1/quartus" --sopc_perl="c:/altera/12.1/quartus/bin/perl" --sopc_lib_path="++c:/altera/12.1/quartus/../ip/altera/sopc_builder_ip+c:/altera/12.1/quartus/../ip/altera/nios2_ip"
No .sopc_builder configuration file(!)
.
.
# 2022.02.25 14:56:07 (*) Running Test Generator Program for SoC_sdram_control
# 2022.02.25 14:56:11 (*) Success: sopc_builder finished.
Info: sdram_control: "SoC" instantiated altera_avalon_new_sdram_controller "sdram_control"
Info: Starting classic module elaboration.
      2 [main] sh 7708 find_fast_cwd: WARNING: Couldn't compute FAST_CWD pointer.  Please report this problem to
the public mailing list cygwin@cygwin.com
Qt: Untested Windows version 6.2 detected!
"c:/altera/12.1/quartus/bin/jre/bin/java.exe" -Xmx512M -classpath "c:/altera/12.1/quartus/sopc_builder/bin/sopc_builder.jar;c:/altera/12.1/quartus/sopc_builder/bin/PinAssigner.jar;c:/altera/12.1/quartus/sopc_builder/bin/sopc_wizard.jar;c:/altera/12.1/quartus/sopc_builder/bin/jptf.jar" sopc_builder.sopc_builder  -d"c:/altera/12.1/quartus/sopc_builder" -notalkback=1 -projectnameyysystem.qpf -projectpathC:/Users/akila/AppData/Local/Temp/alt9048_5261790896993327527.dir/0005_sopclgen  --no_splash --refresh C:/Users/akila/AppData/Local/Temp/alt9048_5261790896993327527.dir/0005_sopclgen/yysystem.v --quartus_dir="c:/altera/12.1/quartus" --sopc_perl="c:/altera/12.1/quartus/bin/perl" --sopc_lib_path="++c:/altera/12.1/quartus/../ip/altera/sopc_builder_ip+c:/altera/12.1/quartus/../ip/altera/nios2_ip"
Info: Finished elaborating classic module.
Executing: C:/altera/12.1/quartus//sopc_builder/bin/sopc_builder --classic --generate C:/Users/akila/AppData/Local/Temp/alt9048_5261790896993327527.dir/0005_sopclgen/yysystem.ptf
Info: Running sopc_builder...
      3 [main] sh 19340 find_fast_cwd: WARNING: Couldn't compute FAST_CWD pointer.  Please report this problem to
the public mailing list cygwin@cygwin.com
Qt: Untested Windows version 6.2 detected!
"c:/altera/12.1/quartus/bin/jre/bin/java.exe" -Xmx512M -classpath "c:/altera/12.1/quartus/sopc_builder/bin/sopc_builder.jar;c:/altera/12.1/quartus/sopc_builder/bin/PinAssigner.jar;c:/altera/12.1/quartus/sopc_builder/bin/sopc_wizard.jar;c:/altera/12.1/quartus/sopc_builder/bin/jptf.jar" sopc_builder.sopc_builder  -d"c:/altera/12.1/quartus/sopc_builder" -notalkback=1 -projectnameyysystem.qpf -projectpathC:/Users/akila/AppData/Local/Temp/alt9048_5261790896993327527.dir/0005_sopclgen  --generate C:/Users/akila/AppData/Local/Temp/alt9048_5261790896993327527.dir/0005_sopclgen/yysystem.v --quartus_dir="c:/altera/12.1/quartus" --sopc_perl="c:/altera/12.1/quartus/bin/perl" --sopc_lib_path="++c:/altera/12.1/quartus/../ip/altera/sopc_builder_ip+c:/altera/12.1/quartus/../ip/altera/nios2_ip"
No .sopc_builder configuration file(!)
.
# 2022.02.25 14:56:27 (*) Success: sopc_builder finished.
Info: jtag_uart: "SoC" instantiated altera_avalon_jtag_uart "jtag_uart"
Info: Starting classic module elaboration.
      4 [main] sh 20328 find_fast_cwd: WARNING: Couldn't compute FAST_CWD pointer.  Please report this problem to
the public mailing list cygwin@cygwin.com
Qt: Untested Windows version 6.2 detected!
"c:/altera/12.1/quartus/bin/jre/bin/java.exe" -Xmx512M -classpath "c:/altera/12.1/quartus/sopc_builder/bin/sopc_builder.jar;c:/altera/12.1/quartus/sopc_builder/bin/PinAssigner.jar;c:/altera/12.1/quartus/sopc_builder/bin/sopc_wizard.jar;c:/altera/12.1/quartus/sopc_builder/bin/jptf.jar" sopc_builder.sopc_builder  -d"c:/altera/12.1/quartus/sopc_builder" -notalkback=1 -projectnameyysystem.qpf -projectpathC:/Users/akila/AppData/Local/Temp/alt9048_5261790896993327527.dir/0006_sopclgen  --no_splash --refresh C:/Users/akila/AppData/Local/Temp/alt9048_5261790896993327527.dir/0006_sopclgen/yysystem.v --quartus_dir="c:/altera/12.1/quartus" --sopc_perl="c:/altera/12.1/quartus/bin/perl" --sopc_lib_path="++c:/altera/12.1/quartus/../ip/altera/sopc_builder_ip+c:/altera/12.1/quartus/../ip/altera/nios2_ip"
Info: Finished elaborating classic module.
Executing: C:/altera/12.1/quartus//sopc_builder/bin/sopc_builder --classic --generate C:/Users/akila/AppData/Local/Temp/alt9048_5261790896993327527.dir/0006_sopclgen/yysystem.ptf
Info: Running sopc_builder...
      5 [main] sh 22276 find_fast_cwd: WARNING: Couldn't compute FAST_CWD pointer.  Please report this problem to
the public mailing list cygwin@cygwin.com
Qt: Untested Windows version 6.2 detected!
"c:/altera/12.1/quartus/bin/jre/bin/java.exe" -Xmx512M -classpath "c:/altera/12.1/quartus/sopc_builder/bin/sopc_builder.jar;c:/altera/12.1/quartus/sopc_builder/bin/PinAssigner.jar;c:/altera/12.1/quartus/sopc_builder/bin/sopc_wizard.jar;c:/altera/12.1/quartus/sopc_builder/bin/jptf.jar" sopc_builder.sopc_builder  -d"c:/altera/12.1/quartus/sopc_builder" -notalkback=1 -projectnameyysystem.qpf -projectpathC:/Users/akila/AppData/Local/Temp/alt9048_5261790896993327527.dir/0006_sopclgen  --generate C:/Users/akila/AppData/Local/Temp/alt9048_5261790896993327527.dir/0006_sopclgen/yysystem.v --quartus_dir="c:/altera/12.1/quartus" --sopc_perl="c:/altera/12.1/quartus/bin/perl" --sopc_lib_path="++c:/altera/12.1/quartus/../ip/altera/sopc_builder_ip+c:/altera/12.1/quartus/../ip/altera/nios2_ip"
No .sopc_builder configuration file(!)
.
# 2022.02.25 14:56:45 (*) Success: sopc_builder finished.
Info: timer: "SoC" instantiated altera_avalon_timer "timer"
Info: sysid: "SoC" instantiated altera_avalon_sysid_qsys "sysid"
Info: Starting classic module elaboration.
      3 [main] sh 1968 find_fast_cwd: WARNING: Couldn't compute FAST_CWD pointer.  Please report this problem to
the public mailing list cygwin@cygwin.com
Qt: Untested Windows version 6.2 detected!
"c:/altera/12.1/quartus/bin/jre/bin/java.exe" -Xmx512M -classpath "c:/altera/12.1/quartus/sopc_builder/bin/sopc_builder.jar;c:/altera/12.1/quartus/sopc_builder/bin/PinAssigner.jar;c:/altera/12.1/quartus/sopc_builder/bin/sopc_wizard.jar;c:/altera/12.1/quartus/sopc_builder/bin/jptf.jar" sopc_builder.sopc_builder  -d"c:/altera/12.1/quartus/sopc_builder" -notalkback=1 -projectnameyysystem.qpf -projectpathC:/Users/akila/AppData/Local/Temp/alt9048_5261790896993327527.dir/0008_sopclgen  --no_splash --refresh C:/Users/akila/AppData/Local/Temp/alt9048_5261790896993327527.dir/0008_sopclgen/yysystem.v --quartus_dir="c:/altera/12.1/quartus" --sopc_perl="c:/altera/12.1/quartus/bin/perl" --sopc_lib_path="++c:/altera/12.1/quartus/../ip/altera/sopc_builder_ip+c:/altera/12.1/quartus/../ip/altera/nios2_ip"
Info: Finished elaborating classic module.
Executing: C:/altera/12.1/quartus//sopc_builder/bin/sopc_builder --classic --generate C:/Users/akila/AppData/Local/Temp/alt9048_5261790896993327527.dir/0008_sopclgen/yysystem.ptf
Info: Running sopc_builder...
      4 [main] sh 14528 find_fast_cwd: WARNING: Couldn't compute FAST_CWD pointer.  Please report this problem to
the public mailing list cygwin@cygwin.com
Qt: Untested Windows version 6.2 detected!
"c:/altera/12.1/quartus/bin/jre/bin/java.exe" -Xmx512M -classpath "c:/altera/12.1/quartus/sopc_builder/bin/sopc_builder.jar;c:/altera/12.1/quartus/sopc_builder/bin/PinAssigner.jar;c:/altera/12.1/quartus/sopc_builder/bin/sopc_wizard.jar;c:/altera/12.1/quartus/sopc_builder/bin/jptf.jar" sopc_builder.sopc_builder  -d"c:/altera/12.1/quartus/sopc_builder" -notalkback=1 -projectnameyysystem.qpf -projectpathC:/Users/akila/AppData/Local/Temp/alt9048_5261790896993327527.dir/0008_sopclgen  --generate C:/Users/akila/AppData/Local/Temp/alt9048_5261790896993327527.dir/0008_sopclgen/yysystem.v --quartus_dir="c:/altera/12.1/quartus" --sopc_perl="c:/altera/12.1/quartus/bin/perl" --sopc_lib_path="++c:/altera/12.1/quartus/../ip/altera/sopc_builder_ip+c:/altera/12.1/quartus/../ip/altera/nios2_ip"
No .sopc_builder configuration file(!)
.
# 2022.02.25 14:57:01 (*) Success: sopc_builder finished.
Info: led_out: "SoC" instantiated altera_avalon_pio "led_out"
Info: mm_clock_crossing_bridge_0: "SoC" instantiated altera_avalon_mm_clock_crossing_bridge "mm_clock_crossing_bridge_0"
Info: Starting classic module elaboration.
      2 [main] sh 18044 find_fast_cwd: WARNING: Couldn't compute FAST_CWD pointer.  Please report this problem to
the public mailing list cygwin@cygwin.com
Qt: Untested Windows version 6.2 detected!
"c:/altera/12.1/quartus/bin/jre/bin/java.exe" -Xmx512M -classpath "c:/altera/12.1/quartus/sopc_builder/bin/sopc_builder.jar;c:/altera/12.1/quartus/sopc_builder/bin/PinAssigner.jar;c:/altera/12.1/quartus/sopc_builder/bin/sopc_wizard.jar;c:/altera/12.1/quartus/sopc_builder/bin/jptf.jar" sopc_builder.sopc_builder  -d"c:/altera/12.1/quartus/sopc_builder" -notalkback=1 -projectnameyysystem.qpf -projectpathC:/Users/akila/AppData/Local/Temp/alt9048_5261790896993327527.dir/0009_sopclgen  --no_splash --refresh C:/Users/akila/AppData/Local/Temp/alt9048_5261790896993327527.dir/0009_sopclgen/yysystem.v --quartus_dir="c:/altera/12.1/quartus" --sopc_perl="c:/altera/12.1/quartus/bin/perl" --sopc_lib_path="++c:/altera/12.1/quartus/../ip/altera/sopc_builder_ip+c:/altera/12.1/quartus/../ip/altera/nios2_ip"
Info: Finished elaborating classic module.
Executing: C:/altera/12.1/quartus//sopc_builder/bin/sopc_builder --classic --generate C:/Users/akila/AppData/Local/Temp/alt9048_5261790896993327527.dir/0009_sopclgen/yysystem.ptf
Info: Running sopc_builder...
      5 [main] sh 19860 find_fast_cwd: WARNING: Couldn't compute FAST_CWD pointer.  Please report this problem to
the public mailing list cygwin@cygwin.com
Qt: Untested Windows version 6.2 detected!
"c:/altera/12.1/quartus/bin/jre/bin/java.exe" -Xmx512M -classpath "c:/altera/12.1/quartus/sopc_builder/bin/sopc_builder.jar;c:/altera/12.1/quartus/sopc_builder/bin/PinAssigner.jar;c:/altera/12.1/quartus/sopc_builder/bin/sopc_wizard.jar;c:/altera/12.1/quartus/sopc_builder/bin/jptf.jar" sopc_builder.sopc_builder  -d"c:/altera/12.1/quartus/sopc_builder" -notalkback=1 -projectnameyysystem.qpf -projectpathC:/Users/akila/AppData/Local/Temp/alt9048_5261790896993327527.dir/0009_sopclgen  --generate C:/Users/akila/AppData/Local/Temp/alt9048_5261790896993327527.dir/0009_sopclgen/yysystem.v --quartus_dir="c:/altera/12.1/quartus" --sopc_perl="c:/altera/12.1/quartus/bin/perl" --sopc_lib_path="++c:/altera/12.1/quartus/../ip/altera/sopc_builder_ip+c:/altera/12.1/quartus/../ip/altera/nios2_ip"
No .sopc_builder configuration file(!)
.
# 2022.02.25 14:57:17 (*) Success: sopc_builder finished.
Info: high_freq_timer: "SoC" instantiated altera_avalon_timer "high_freq_timer"
Info: CRC_Custom_Instruction_0: "SoC" instantiated CRC_Custom_Instruction "CRC_Custom_Instruction_0"
Info: cpu_custom_instruction_master_translator: "SoC" instantiated altera_customins_master_translator "cpu_custom_instruction_master_translator"
Info: cpu_custom_instruction_master_comb_xconnect: "SoC" instantiated altera_customins_xconnect "cpu_custom_instruction_master_comb_xconnect"
Info: cpu_custom_instruction_master_comb_slave_translator0: "SoC" instantiated altera_customins_slave_translator "cpu_custom_instruction_master_comb_slave_translator0"
Info: cpu_instruction_master_translator: "SoC" instantiated altera_merlin_master_translator "cpu_instruction_master_translator"
Info: cpu_jtag_debug_module_translator: "SoC" instantiated altera_merlin_slave_translator "cpu_jtag_debug_module_translator"
Info: cpu_instruction_master_translator_avalon_universal_master_0_agent: "SoC" instantiated altera_merlin_master_agent "cpu_instruction_master_translator_avalon_universal_master_0_agent"
Info: cpu_jtag_debug_module_translator_avalon_universal_slave_0_agent: "SoC" instantiated altera_merlin_slave_agent "cpu_jtag_debug_module_translator_avalon_universal_slave_0_agent"
Info: cpu_jtag_debug_module_translator_avalon_universal_slave_0_agent_rsp_fifo: "SoC" instantiated altera_avalon_sc_fifo "cpu_jtag_debug_module_translator_avalon_universal_slave_0_agent_rsp_fifo"
Info: addr_router: "SoC" instantiated altera_merlin_router "addr_router"
Info: addr_router_001: "SoC" instantiated altera_merlin_router "addr_router_001"
Info: id_router: "SoC" instantiated altera_merlin_router "id_router"
Info: id_router_002: "SoC" instantiated altera_merlin_router "id_router_002"
Info: addr_router_002: "SoC" instantiated altera_merlin_router "addr_router_002"
Info: id_router_006: "SoC" instantiated altera_merlin_router "id_router_006"
Info: limiter: "SoC" instantiated altera_merlin_traffic_limiter "limiter"
Info: rst_controller: "SoC" instantiated altera_reset_controller "rst_controller"
Info: cmd_xbar_demux: "SoC" instantiated altera_merlin_demultiplexer "cmd_xbar_demux"
Info: cmd_xbar_demux_001: "SoC" instantiated altera_merlin_demultiplexer "cmd_xbar_demux_001"
Info: cmd_xbar_mux: "SoC" instantiated altera_merlin_multiplexer "cmd_xbar_mux"
Info: rsp_xbar_demux: "SoC" instantiated altera_merlin_demultiplexer "rsp_xbar_demux"
Info: rsp_xbar_demux_002: "SoC" instantiated altera_merlin_demultiplexer "rsp_xbar_demux_002"
Info: rsp_xbar_mux: "SoC" instantiated altera_merlin_multiplexer "rsp_xbar_mux"
Info: Reusing file C:/Users/akila/Documents/co503/repo/FPGA_CO503/Lab2/SoC/synthesis/submodules/altera_merlin_arbitrator.sv
Info: rsp_xbar_mux_001: "SoC" instantiated altera_merlin_multiplexer "rsp_xbar_mux_001"
Info: Reusing file C:/Users/akila/Documents/co503/repo/FPGA_CO503/Lab2/SoC/synthesis/submodules/altera_merlin_arbitrator.sv
Info: cmd_xbar_demux_002: "SoC" instantiated altera_merlin_demultiplexer "cmd_xbar_demux_002"
Info: rsp_xbar_demux_006: "SoC" instantiated altera_merlin_demultiplexer "rsp_xbar_demux_006"
Info: rsp_xbar_mux_002: "SoC" instantiated altera_merlin_multiplexer "rsp_xbar_mux_002"
Info: Reusing file C:/Users/akila/Documents/co503/repo/FPGA_CO503/Lab2/SoC/synthesis/submodules/altera_merlin_arbitrator.sv
Info: crosser: "SoC" instantiated altera_avalon_st_handshake_clock_crosser "crosser"
Info: Reusing file C:/Users/akila/Documents/co503/repo/FPGA_CO503/Lab2/SoC/synthesis/submodules/altera_avalon_st_pipeline_base.v
Info: irq_mapper: "SoC" instantiated altera_irq_mapper "irq_mapper"
Info: irq_synchronizer: "SoC" instantiated altera_irq_clock_crosser "irq_synchronizer"
Info: SoC: Done SoC" with 40 modules, 126 files, 2135856 bytes
Info: ip-generate succeeded.
Info: Finished: Create HDL design files for synthesis
