
**** Build of configuration Nios II for project JPEG_Encoder ****

make all 
      1 [main] sh 10460 find_fast_cwd: WARNING: Couldn't compute FAST_CWD pointer.  Please report this problem to
the public mailing list cygwin@cygwin.com
      1 [main] sh 2716 find_fast_cwd: WARNING: Couldn't compute FAST_CWD pointer.  Please report this problem to
the public mailing list cygwin@cygwin.com
      1 [main] echo 4128 find_fast_cwd: WARNING: Couldn't compute FAST_CWD pointer.  Please report this problem to
Info: Building ../JPEG_Encoder_bsp/
the public mailing list cygwin@cygwin.com
make --no-print-directory -C ../JPEG_Encoder_bsp/
      1 [main] pwd 5168 find_fast_cwd: WARNING: Couldn't compute FAST_CWD pointer.  Please report this problem to
the public mailing list cygwin@cygwin.com
      1 [main] sh 13124 find_fast_cwd: WARNING: Couldn't compute FAST_CWD pointer.  Please report this problem to
the public mailing list cygwin@cygwin.com
      1 [main] sh 9236 find_fast_cwd: WARNING: Couldn't compute FAST_CWD pointer.  Please report this problem to
the public mailing list cygwin@cygwin.com
[BSP build complete]
      1 [main] echo 10608 find_fast_cwd: WARNING: Couldn't compute FAST_CWD pointer.  Please report this problem to
Info: Compiling jpeg_encoder.c to obj/default/jpeg_encoder.o
the public mailing list cygwin@cygwin.com
      1 [main] mkdir 448 find_fast_cwd: WARNING: Couldn't compute FAST_CWD pointer.  Please report this problem to
the public mailing list cygwin@cygwin.com
nios2-elf-gcc -xc -MP -MMD -c -I../JPEG_Encoder_bsp//HAL/inc -I../JPEG_Encoder_bsp/ -I../JPEG_Encoder_bsp//drivers/inc  -DSYSTEM_BUS_WIDTH=32 -pipe -D__hal__ -DALT_NO_INSTRUCTION_EMULATION -DALT_SINGLE_THREADED    -O0 -g -Wall   -EL -mno-hw-div -mno-hw-mul -mno-hw-mulx  -o obj/default/jpeg_encoder.o jpeg_encoder.c
      1 [main] true 14820 find_fast_cwd: WARNING: Couldn't compute FAST_CWD pointer.  Please report this problem to
the public mailing list cygwin@cygwin.com
      1 [main] echo 11724 find_fast_cwd: WARNING: Couldn't compute FAST_CWD pointer.  Please report this problem to
the public mailing list cygwin@cygwin.com
Info: Linking JPEG_Encoder.elf
nios2-elf-g++  -T'../JPEG_Encoder_bsp//linker.x' -msys-crt0='../JPEG_Encoder_bsp//obj/HAL/src/crt0.o' -msys-lib=hal_bsp -L../JPEG_Encoder_bsp/   -Wl,-Map=JPEG_Encoder.map   -O0 -g -Wall   -EL -mno-hw-div -mno-hw-mul -mno-hw-mulx  -o JPEG_Encoder.elf obj/default/application/bmp_extract.o obj/default/application/jpeg_encoding.o obj/default/application/jpegclib/cdjpeg.o obj/default/application/jpegclib/jaricom.o obj/default/application/jpegclib/jcapimin.o obj/default/application/jpegclib/jcapistd.o obj/default/application/jpegclib/jcarith.o obj/default/application/jpegclib/jccoefct.o obj/default/application/jpegclib/jccolor.o obj/default/application/jpegclib/jcdctmgr.o obj/default/application/jpegclib/jchuff.o obj/default/application/jpegclib/jcinit.o obj/default/application/jpegclib/jcmainct.o obj/default/application/jpegclib/jcmarker.o obj/default/application/jpegclib/jcmaster.o obj/default/application/jpegclib/jcomapi.o obj/default/application/jpegclib/jcparam.o obj/default/application/jpegclib/jcprepct.o obj/default/application/jpegclib/jcsample.o obj/default/application/jpegclib/jctrans.o obj/default/application/jpegclib/jdatadst.o obj/default/application/jpegclib/jerror.o obj/default/application/jpegclib/jfdctflt.o obj/default/application/jpegclib/jfdctfst.o obj/default/application/jpegclib/jfdctint.o obj/default/application/jpegclib/jidctflt.o obj/default/application/jpegclib/jidctfst.o obj/default/application/jpegclib/jidctint.o obj/default/application/jpegclib/jmemansi.o obj/default/application/jpegclib/jmemmgr.o obj/default/application/jpegclib/jquant1.o obj/default/application/jpegclib/jquant2.o obj/default/application/jpegclib/jutils.o obj/default/jpeg_encoder.o -lm 
c:/altera/12.1/nios2eds/bin/gnu/h-i686-mingw32/bin/../lib/gcc/nios2-elf/4.1.2/../../../../nios2-elf/lib/mno-hw-mul\libc.a(lib_a-unlinkr.o): In function `_unlink_r':
nios2-elf-insert JPEG_Encoder.elf --thread_model hal --cpu_name cpu --qsys true --simulation_enabled false --id 0 --sidp 0x8000020 --timestamp 1642426435 --stderr_dev jtag_uart --stdin_dev jtag_uart --stdout_dev jtag_uart --sopc_system_name SoC --quartus_project_dir "C:/Users/akila/Documents/co503/FPGA_CO503/Practical1_2" --jdi C:/Users/akila/Documents/co503/FPGA_CO503/Practical1_2/TopLevel.jdi --sopcinfo C:/Users/akila/Documents/co503/FPGA_CO503/Practical1_2/SoC.sopcinfo
/build/swbuild/SJ/nightly/12.1/177/l32/work/ip/sopc/app/gnu/BUILD/gnu/build-0-newlib.nios2-elf.i686-mingw32/nios2-elf/mno-hw-mul/newlib/libc/reent/../../../../../../src/newlib-1.16/newlib/libc/reent/unlinkr.c:54: warning: warning: unlink is not implemented and will always fail
      1 [main] sh 9624 find_fast_cwd: WARNING: Couldn't compute FAST_CWD pointer.  Please report this problem to
the public mailing list cygwin@cygwin.com
      1 [main] uname 5840 find_fast_cwd: WARNING: Couldn't compute FAST_CWD pointer.  Please report this problem to
the public mailing list cygwin@cygwin.com
      1 [main] sh 17024 find_fast_cwd: WARNING: Couldn't compute FAST_CWD pointer.  Please report this problem to
the public mailing list cygwin@cygwin.com
Info: (JPEG_Encoder.elf) 65810 KBytes program size (code + initialized data).
Info:                    65255 KBytes free for stack + heap.
      2 [main] echo 5476 find_fast_cwd: WARNING: Couldn't compute FAST_CWD pointer.  Please report this problem to
Info: Creating JPEG_Encoder.objdump
the public mailing list cygwin@cygwin.com
nios2-elf-objdump --disassemble --syms --all-header --source JPEG_Encoder.elf >JPEG_Encoder.objdump
      1 [main] sh 18044 find_fast_cwd: WARNING: Couldn't compute FAST_CWD pointer.  Please report this problem to
the public mailing list cygwin@cygwin.com
      1 [main] sh 16284 find_fast_cwd: WARNING: Couldn't compute FAST_CWD pointer.  Please report this problem to
the public mailing list cygwin@cygwin.com
[JPEG_Encoder build complete]

**** Build Finished ****

**** Build of configuration Nios II for project JPEG_Encoder ****

make all 
      1 [main] sh 18656 find_fast_cwd: WARNING: Couldn't compute FAST_CWD pointer.  Please report this problem to
the public mailing list cygwin@cygwin.com
      1 [main] sh 16532 find_fast_cwd: WARNING: Couldn't compute FAST_CWD pointer.  Please report this problem to
the public mailing list cygwin@cygwin.com
      1 [main] echo 17420 find_fast_cwd: WARNING: Couldn't compute FAST_CWD pointer.  Please report this problem to
the public mailing list cygwin@cygwin.com
Info: Building ../JPEG_Encoder_bsp/
make --no-print-directory -C ../JPEG_Encoder_bsp/
      1 [main] pwd 1268 find_fast_cwd: WARNING: Couldn't compute FAST_CWD pointer.  Please report this problem to
the public mailing list cygwin@cygwin.com
      1 [main] sh 16392 find_fast_cwd: WARNING: Couldn't compute FAST_CWD pointer.  Please report this problem to
the public mailing list cygwin@cygwin.com
      1 [main] sh 6772 find_fast_cwd: WARNING: Couldn't compute FAST_CWD pointer.  Please report this problem to
the public mailing list cygwin@cygwin.com
[BSP build complete]
      1 [main] true 7236 find_fast_cwd: WARNING: Couldn't compute FAST_CWD pointer.  Please report this problem to
the public mailing list cygwin@cygwin.com
      1 [main] sh 12668 find_fast_cwd: WARNING: Couldn't compute FAST_CWD pointer.  Please report this problem to
the public mailing list cygwin@cygwin.com
[JPEG_Encoder build complete]

**** Build Finished ****

**** Build of configuration Nios II for project JPEG_Encoder ****

make all 
      1 [main] sh 14768 find_fast_cwd: WARNING: Couldn't compute FAST_CWD pointer.  Please report this problem to
the public mailing list cygwin@cygwin.com
      1 [main] sh 16604 find_fast_cwd: WARNING: Couldn't compute FAST_CWD pointer.  Please report this problem to
the public mailing list cygwin@cygwin.com
      1 [main] echo 10500 find_fast_cwd: WARNING: Couldn't compute FAST_CWD pointer.  Please report this problem to
Info: Building ../JPEG_Encoder_bsp/
the public mailing list cygwin@cygwin.com
make --no-print-directory -C ../JPEG_Encoder_bsp/
      1 [main] pwd 3860 find_fast_cwd: WARNING: Couldn't compute FAST_CWD pointer.  Please report this problem to
the public mailing list cygwin@cygwin.com
      1 [main] sh 15596 find_fast_cwd: WARNING: Couldn't compute FAST_CWD pointer.  Please report this problem to
the public mailing list cygwin@cygwin.com
      1 [main] sh 16544 find_fast_cwd: WARNING: Couldn't compute FAST_CWD pointer.  Please report this problem to
the public mailing list cygwin@cygwin.com
[BSP build complete]
      1 [main] true 8376 find_fast_cwd: WARNING: Couldn't compute FAST_CWD pointer.  Please report this problem to
the public mailing list cygwin@cygwin.com
      1 [main] sh 14456 find_fast_cwd: WARNING: Couldn't compute FAST_CWD pointer.  Please report this problem to
the public mailing list cygwin@cygwin.com
[JPEG_Encoder build complete]

**** Build Finished ****

**** Build of configuration Nios II for project JPEG_Encoder ****

make all 
      1 [main] sh 8336 find_fast_cwd: WARNING: Couldn't compute FAST_CWD pointer.  Please report this problem to
the public mailing list cygwin@cygwin.com
      1 [main] sh 18856 find_fast_cwd: WARNING: Couldn't compute FAST_CWD pointer.  Please report this problem to
the public mailing list cygwin@cygwin.com
      1 [main] echo 18472 find_fast_cwd: WARNING: Couldn't compute FAST_CWD pointer.  Please report this problem to
Info: Building ../JPEG_Encoder_bsp/
the public mailing list cygwin@cygwin.com
make --no-print-directory -C ../JPEG_Encoder_bsp/
      1 [main] pwd 17952 find_fast_cwd: WARNING: Couldn't compute FAST_CWD pointer.  Please report this problem to
the public mailing list cygwin@cygwin.com
      1 [main] sh 1800 find_fast_cwd: WARNING: Couldn't compute FAST_CWD pointer.  Please report this problem to
the public mailing list cygwin@cygwin.com
      1 [main] sh 16736 find_fast_cwd: WARNING: Couldn't compute FAST_CWD pointer.  Please report this problem to
the public mailing list cygwin@cygwin.com
[BSP build complete]
      1 [main] echo 11148 find_fast_cwd: WARNING: Couldn't compute FAST_CWD pointer.  Please report this problem to
the public mailing list cygwin@cygwin.com
Info: Compiling jpeg_encoder.c to obj/default/jpeg_encoder.o
      1 [main] mkdir 16532 find_fast_cwd: WARNING: Couldn't compute FAST_CWD pointer.  Please report this problem to
the public mailing list cygwin@cygwin.com
nios2-elf-gcc -xc -MP -MMD -c -I../JPEG_Encoder_bsp//HAL/inc -I../JPEG_Encoder_bsp/ -I../JPEG_Encoder_bsp//drivers/inc  -DSYSTEM_BUS_WIDTH=32 -pipe -D__hal__ -DALT_NO_INSTRUCTION_EMULATION -DALT_SINGLE_THREADED    -O0 -g -Wall   -EL -mno-hw-div -mno-hw-mul -mno-hw-mulx  -o obj/default/jpeg_encoder.o jpeg_encoder.c
      1 [main] true 10372 find_fast_cwd: WARNING: Couldn't compute FAST_CWD pointer.  Please report this problem to
the public mailing list cygwin@cygwin.com
      1 [main] echo 16392 find_fast_cwd: WARNING: Couldn't compute FAST_CWD pointer.  Please report this problem to
the public mailing list cygwin@cygwin.com
Info: Linking JPEG_Encoder.elf
nios2-elf-g++  -T'../JPEG_Encoder_bsp//linker.x' -msys-crt0='../JPEG_Encoder_bsp//obj/HAL/src/crt0.o' -msys-lib=hal_bsp -L../JPEG_Encoder_bsp/   -Wl,-Map=JPEG_Encoder.map   -O0 -g -Wall   -EL -mno-hw-div -mno-hw-mul -mno-hw-mulx  -o JPEG_Encoder.elf obj/default/application/bmp_extract.o obj/default/application/jpeg_encoding.o obj/default/application/jpegclib/cdjpeg.o obj/default/application/jpegclib/jaricom.o obj/default/application/jpegclib/jcapimin.o obj/default/application/jpegclib/jcapistd.o obj/default/application/jpegclib/jcarith.o obj/default/application/jpegclib/jccoefct.o obj/default/application/jpegclib/jccolor.o obj/default/application/jpegclib/jcdctmgr.o obj/default/application/jpegclib/jchuff.o obj/default/application/jpegclib/jcinit.o obj/default/application/jpegclib/jcmainct.o obj/default/application/jpegclib/jcmarker.o obj/default/application/jpegclib/jcmaster.o obj/default/application/jpegclib/jcomapi.o obj/default/application/jpegclib/jcparam.o obj/default/application/jpegclib/jcprepct.o obj/default/application/jpegclib/jcsample.o obj/default/application/jpegclib/jctrans.o obj/default/application/jpegclib/jdatadst.o obj/default/application/jpegclib/jerror.o obj/default/application/jpegclib/jfdctflt.o obj/default/application/jpegclib/jfdctfst.o obj/default/application/jpegclib/jfdctint.o obj/default/application/jpegclib/jidctflt.o obj/default/application/jpegclib/jidctfst.o obj/default/application/jpegclib/jidctint.o obj/default/application/jpegclib/jmemansi.o obj/default/application/jpegclib/jmemmgr.o obj/default/application/jpegclib/jquant1.o obj/default/application/jpegclib/jquant2.o obj/default/application/jpegclib/jutils.o obj/default/jpeg_encoder.o -lm 
c:/altera/12.1/nios2eds/bin/gnu/h-i686-mingw32/bin/../lib/gcc/nios2-elf/4.1.2/../../../../nios2-elf/lib/mno-hw-mul\libc.a(lib_a-unlinkr.o): In function `_unlink_r':
nios2-elf-insert JPEG_Encoder.elf --thread_model hal --cpu_name cpu --qsys true --simulation_enabled false --id 0 --sidp 0x8000020 --timestamp 1642426435 --stderr_dev jtag_uart --stdin_dev jtag_uart --stdout_dev jtag_uart --sopc_system_name SoC --quartus_project_dir "C:/Users/akila/Documents/co503/FPGA_CO503/Practical1_2" --jdi C:/Users/akila/Documents/co503/FPGA_CO503/Practical1_2/TopLevel.jdi --sopcinfo C:/Users/akila/Documents/co503/FPGA_CO503/Practical1_2/SoC.sopcinfo
/build/swbuild/SJ/nightly/12.1/177/l32/work/ip/sopc/app/gnu/BUILD/gnu/build-0-newlib.nios2-elf.i686-mingw32/nios2-elf/mno-hw-mul/newlib/libc/reent/../../../../../../src/newlib-1.16/newlib/libc/reent/unlinkr.c:54: warning: warning: unlink is not implemented and will always fail
      1 [main] sh 6772 find_fast_cwd: WARNING: Couldn't compute FAST_CWD pointer.  Please report this problem to
the public mailing list cygwin@cygwin.com
      1 [main] uname 12668 find_fast_cwd: WARNING: Couldn't compute FAST_CWD pointer.  Please report this problem to
the public mailing list cygwin@cygwin.com
      1 [main] sh 4968 find_fast_cwd: WARNING: Couldn't compute FAST_CWD pointer.  Please report this problem to
the public mailing list cygwin@cygwin.com
Info: (JPEG_Encoder.elf) 65810 KBytes program size (code + initialized data).
Info:                    65255 KBytes free for stack + heap.
      1 [main] echo 13244 find_fast_cwd: WARNING: Couldn't compute FAST_CWD pointer.  Please report this problem to
Info: Creating JPEG_Encoder.objdump
the public mailing list cygwin@cygwin.com
nios2-elf-objdump --disassemble --syms --all-header --source JPEG_Encoder.elf >JPEG_Encoder.objdump
      1 [main] sh 17148 find_fast_cwd: WARNING: Couldn't compute FAST_CWD pointer.  Please report this problem to
the public mailing list cygwin@cygwin.com
      1 [main] sh 15532 find_fast_cwd: WARNING: Couldn't compute FAST_CWD pointer.  Please report this problem to
the public mailing list cygwin@cygwin.com
[JPEG_Encoder build complete]

**** Build Finished ****

**** Build of configuration Nios II for project JPEG_Encoder ****

make all 
      1 [main] sh 7300 find_fast_cwd: WARNING: Couldn't compute FAST_CWD pointer.  Please report this problem to
the public mailing list cygwin@cygwin.com
      1 [main] sh 14716 find_fast_cwd: WARNING: Couldn't compute FAST_CWD pointer.  Please report this problem to
the public mailing list cygwin@cygwin.com
      1 [main] echo 2528 find_fast_cwd: WARNING: Couldn't compute FAST_CWD pointer.  Please report this problem to
the public mailing list cygwin@cygwin.com
Info: Building ../JPEG_Encoder_bsp/
make --no-print-directory -C ../JPEG_Encoder_bsp/
      1 [main] pwd 9668 find_fast_cwd: WARNING: Couldn't compute FAST_CWD pointer.  Please report this problem to
the public mailing list cygwin@cygwin.com
      1 [main] sh 7824 find_fast_cwd: WARNING: Couldn't compute FAST_CWD pointer.  Please report this problem to
the public mailing list cygwin@cygwin.com
      1 [main] sh 17956 find_fast_cwd: WARNING: Couldn't compute FAST_CWD pointer.  Please report this problem to
the public mailing list cygwin@cygwin.com
[BSP build complete]
      1 [main] true 13748 find_fast_cwd: WARNING: Couldn't compute FAST_CWD pointer.  Please report this problem to
the public mailing list cygwin@cygwin.com
      1 [main] sh 18724 find_fast_cwd: WARNING: Couldn't compute FAST_CWD pointer.  Please report this problem to
the public mailing list cygwin@cygwin.com
[JPEG_Encoder build complete]

**** Build Finished ****

**** Build of configuration Nios II for project JPEG_Encoder ****

make all 
      1 [main] sh 13248 find_fast_cwd: WARNING: Couldn't compute FAST_CWD pointer.  Please report this problem to
the public mailing list cygwin@cygwin.com
      1 [main] sh 6340 find_fast_cwd: WARNING: Couldn't compute FAST_CWD pointer.  Please report this problem to
the public mailing list cygwin@cygwin.com
      1 [main] echo 11148 find_fast_cwd: WARNING: Couldn't compute FAST_CWD pointer.  Please report this problem to
Info: Building ../JPEG_Encoder_bsp/
the public mailing list cygwin@cygwin.com
make --no-print-directory -C ../JPEG_Encoder_bsp/
      1 [main] pwd 12492 find_fast_cwd: WARNING: Couldn't compute FAST_CWD pointer.  Please report this problem to
the public mailing list cygwin@cygwin.com
      1 [main] sh 6404 find_fast_cwd: WARNING: Couldn't compute FAST_CWD pointer.  Please report this problem to
the public mailing list cygwin@cygwin.com
      1 [main] sh 16176 find_fast_cwd: WARNING: Couldn't compute FAST_CWD pointer.  Please report this problem to
the public mailing list cygwin@cygwin.com
[BSP build complete]
      1 [main] echo 8728 find_fast_cwd: WARNING: Couldn't compute FAST_CWD pointer.  Please report this problem to
the public mailing list cygwin@cygwin.com
Info: Compiling jpeg_encoder.c to obj/default/jpeg_encoder.o
      1 [main] mkdir 9784 find_fast_cwd: WARNING: Couldn't compute FAST_CWD pointer.  Please report this problem to
the public mailing list cygwin@cygwin.com
nios2-elf-gcc -xc -MP -MMD -c -I../JPEG_Encoder_bsp//HAL/inc -I../JPEG_Encoder_bsp/ -I../JPEG_Encoder_bsp//drivers/inc  -DSYSTEM_BUS_WIDTH=32 -pipe -D__hal__ -DALT_NO_INSTRUCTION_EMULATION -DALT_SINGLE_THREADED    -O0 -g -Wall   -EL -mno-hw-div -mno-hw-mul -mno-hw-mulx  -o obj/default/jpeg_encoder.o jpeg_encoder.c
jpeg_encoder.c: In function 'convert_picture':
jpeg_encoder.c:69: warning: unused variable 'i'
jpeg_encoder.c: At top level:
jpeg_encoder.c:25: warning: 'count' defined but not used
      1 [main] true 4184 find_fast_cwd: WARNING: Couldn't compute FAST_CWD pointer.  Please report this problem to
the public mailing list cygwin@cygwin.com
      1 [main] echo 16316 find_fast_cwd: WARNING: Couldn't compute FAST_CWD pointer.  Please report this problem to
Info: Linking JPEG_Encoder.elf
the public mailing list cygwin@cygwin.com
nios2-elf-g++  -T'../JPEG_Encoder_bsp//linker.x' -msys-crt0='../JPEG_Encoder_bsp//obj/HAL/src/crt0.o' -msys-lib=hal_bsp -L../JPEG_Encoder_bsp/   -Wl,-Map=JPEG_Encoder.map   -O0 -g -Wall   -EL -mno-hw-div -mno-hw-mul -mno-hw-mulx  -o JPEG_Encoder.elf obj/default/application/bmp_extract.o obj/default/application/jpeg_encoding.o obj/default/application/jpegclib/cdjpeg.o obj/default/application/jpegclib/jaricom.o obj/default/application/jpegclib/jcapimin.o obj/default/application/jpegclib/jcapistd.o obj/default/application/jpegclib/jcarith.o obj/default/application/jpegclib/jccoefct.o obj/default/application/jpegclib/jccolor.o obj/default/application/jpegclib/jcdctmgr.o obj/default/application/jpegclib/jchuff.o obj/default/application/jpegclib/jcinit.o obj/default/application/jpegclib/jcmainct.o obj/default/application/jpegclib/jcmarker.o obj/default/application/jpegclib/jcmaster.o obj/default/application/jpegclib/jcomapi.o obj/default/application/jpegclib/jcparam.o obj/default/application/jpegclib/jcprepct.o obj/default/application/jpegclib/jcsample.o obj/default/application/jpegclib/jctrans.o obj/default/application/jpegclib/jdatadst.o obj/default/application/jpegclib/jerror.o obj/default/application/jpegclib/jfdctflt.o obj/default/application/jpegclib/jfdctfst.o obj/default/application/jpegclib/jfdctint.o obj/default/application/jpegclib/jidctflt.o obj/default/application/jpegclib/jidctfst.o obj/default/application/jpegclib/jidctint.o obj/default/application/jpegclib/jmemansi.o obj/default/application/jpegclib/jmemmgr.o obj/default/application/jpegclib/jquant1.o obj/default/application/jpegclib/jquant2.o obj/default/application/jpegclib/jutils.o obj/default/jpeg_encoder.o -lm 
c:/altera/12.1/nios2eds/bin/gnu/h-i686-mingw32/bin/../lib/gcc/nios2-elf/4.1.2/../../../../nios2-elf/lib/mno-hw-mul\libc.a(lib_a-unlinkr.o): In function `_unlink_r':
nios2-elf-insert JPEG_Encoder.elf --thread_model hal --cpu_name cpu --qsys true --simulation_enabled false --id 0 --sidp 0x8000020 --timestamp 1642426435 --stderr_dev jtag_uart --stdin_dev jtag_uart --stdout_dev jtag_uart --sopc_system_name SoC --quartus_project_dir "C:/Users/akila/Documents/co503/FPGA_CO503/Practical1_2" --jdi C:/Users/akila/Documents/co503/FPGA_CO503/Practical1_2/TopLevel.jdi --sopcinfo C:/Users/akila/Documents/co503/FPGA_CO503/Practical1_2/SoC.sopcinfo
/build/swbuild/SJ/nightly/12.1/177/l32/work/ip/sopc/app/gnu/BUILD/gnu/build-0-newlib.nios2-elf.i686-mingw32/nios2-elf/mno-hw-mul/newlib/libc/reent/../../../../../../src/newlib-1.16/newlib/libc/reent/unlinkr.c:54: warning: warning: unlink is not implemented and will always fail
      1 [main] sh 11464 find_fast_cwd: WARNING: Couldn't compute FAST_CWD pointer.  Please report this problem to
the public mailing list cygwin@cygwin.com
      1 [main] uname 12868 find_fast_cwd: WARNING: Couldn't compute FAST_CWD pointer.  Please report this problem to
the public mailing list cygwin@cygwin.com
      1 [main] sh 4928 find_fast_cwd: WARNING: Couldn't compute FAST_CWD pointer.  Please report this problem to
the public mailing list cygwin@cygwin.com
Info: (JPEG_Encoder.elf) 65810 KBytes program size (code + initialized data).
Info:                    65255 KBytes free for stack + heap.
      1 [main] echo 16780 find_fast_cwd: WARNING: Couldn't compute FAST_CWD pointer.  Please report this problem to
Info: Creating JPEG_Encoder.objdump
the public mailing list cygwin@cygwin.com
nios2-elf-objdump --disassemble --syms --all-header --source JPEG_Encoder.elf >JPEG_Encoder.objdump
      1 [main] sh 8244 find_fast_cwd: WARNING: Couldn't compute FAST_CWD pointer.  Please report this problem to
the public mailing list cygwin@cygwin.com
      1 [main] sh 8100 find_fast_cwd: WARNING: Couldn't compute FAST_CWD pointer.  Please report this problem to
the public mailing list cygwin@cygwin.com
[JPEG_Encoder build complete]

**** Build Finished ****

**** Build of configuration Nios II for project JPEG_Encoder ****

make all 
      1 [main] sh 5948 find_fast_cwd: WARNING: Couldn't compute FAST_CWD pointer.  Please report this problem to
the public mailing list cygwin@cygwin.com
      1 [main] sh 16588 find_fast_cwd: WARNING: Couldn't compute FAST_CWD pointer.  Please report this problem to
the public mailing list cygwin@cygwin.com
      1 [main] echo 9020 find_fast_cwd: WARNING: Couldn't compute FAST_CWD pointer.  Please report this problem to
Info: Building ../JPEG_Encoder_bsp/
the public mailing list cygwin@cygwin.com
make --no-print-directory -C ../JPEG_Encoder_bsp/
      2 [main] pwd 11040 find_fast_cwd: WARNING: Couldn't compute FAST_CWD pointer.  Please report this problem to
the public mailing list cygwin@cygwin.com
      1 [main] sh 16648 find_fast_cwd: WARNING: Couldn't compute FAST_CWD pointer.  Please report this problem to
the public mailing list cygwin@cygwin.com
      1 [main] sh 17404 find_fast_cwd: WARNING: Couldn't compute FAST_CWD pointer.  Please report this problem to
the public mailing list cygwin@cygwin.com
[BSP build complete]
      1 [main] true 11232 find_fast_cwd: WARNING: Couldn't compute FAST_CWD pointer.  Please report this problem to
the public mailing list cygwin@cygwin.com
      1 [main] sh 7424 find_fast_cwd: WARNING: Couldn't compute FAST_CWD pointer.  Please report this problem to
the public mailing list cygwin@cygwin.com
[JPEG_Encoder build complete]

**** Build Finished ****

**** Build of configuration Nios II for project JPEG_Encoder ****

make all 
      1 [main] sh 4476 find_fast_cwd: WARNING: Couldn't compute FAST_CWD pointer.  Please report this problem to
the public mailing list cygwin@cygwin.com
      1 [main] sh 3908 find_fast_cwd: WARNING: Couldn't compute FAST_CWD pointer.  Please report this problem to
the public mailing list cygwin@cygwin.com
      1 [main] echo 10148 find_fast_cwd: WARNING: Couldn't compute FAST_CWD pointer.  Please report this problem to
Info: Building ../JPEG_Encoder_bsp/
the public mailing list cygwin@cygwin.com
make --no-print-directory -C ../JPEG_Encoder_bsp/
      1 [main] pwd 13400 find_fast_cwd: WARNING: Couldn't compute FAST_CWD pointer.  Please report this problem to
the public mailing list cygwin@cygwin.com
      1 [main] sh 14000 find_fast_cwd: WARNING: Couldn't compute FAST_CWD pointer.  Please report this problem to
the public mailing list cygwin@cygwin.com
      1 [main] sh 10120 find_fast_cwd: WARNING: Couldn't compute FAST_CWD pointer.  Please report this problem to
the public mailing list cygwin@cygwin.com
[BSP build complete]
      1 [main] echo 17076 find_fast_cwd: WARNING: Couldn't compute FAST_CWD pointer.  Please report this problem to
Info: Compiling jpeg_encoder.c to obj/default/jpeg_encoder.o
the public mailing list cygwin@cygwin.com
      1 [main] mkdir 7308 find_fast_cwd: WARNING: Couldn't compute FAST_CWD pointer.  Please report this problem to
the public mailing list cygwin@cygwin.com
nios2-elf-gcc -xc -MP -MMD -c -I../JPEG_Encoder_bsp//HAL/inc -I../JPEG_Encoder_bsp/ -I../JPEG_Encoder_bsp//drivers/inc  -DSYSTEM_BUS_WIDTH=32 -pipe -D__hal__ -DALT_NO_INSTRUCTION_EMULATION -DALT_SINGLE_THREADED    -O0 -g -Wall   -EL -mno-hw-div -mno-hw-mul -mno-hw-mulx  -o obj/default/jpeg_encoder.o jpeg_encoder.c
jpeg_encoder.c: In function 'convert_picture':
jpeg_encoder.c:74: warning: unused variable 'i'
      1 [main] true 1460 find_fast_cwd: WARNING: Couldn't compute FAST_CWD pointer.  Please report this problem to
the public mailing list cygwin@cygwin.com
      1 [main] echo 6756 find_fast_cwd: WARNING: Couldn't compute FAST_CWD pointer.  Please report this problem to
Info: Linking JPEG_Encoder.elf
the public mailing list cygwin@cygwin.com
nios2-elf-g++  -T'../JPEG_Encoder_bsp//linker.x' -msys-crt0='../JPEG_Encoder_bsp//obj/HAL/src/crt0.o' -msys-lib=hal_bsp -L../JPEG_Encoder_bsp/   -Wl,-Map=JPEG_Encoder.map   -O0 -g -Wall   -EL -mno-hw-div -mno-hw-mul -mno-hw-mulx  -o JPEG_Encoder.elf obj/default/application/bmp_extract.o obj/default/application/jpeg_encoding.o obj/default/application/jpegclib/cdjpeg.o obj/default/application/jpegclib/jaricom.o obj/default/application/jpegclib/jcapimin.o obj/default/application/jpegclib/jcapistd.o obj/default/application/jpegclib/jcarith.o obj/default/application/jpegclib/jccoefct.o obj/default/application/jpegclib/jccolor.o obj/default/application/jpegclib/jcdctmgr.o obj/default/application/jpegclib/jchuff.o obj/default/application/jpegclib/jcinit.o obj/default/application/jpegclib/jcmainct.o obj/default/application/jpegclib/jcmarker.o obj/default/application/jpegclib/jcmaster.o obj/default/application/jpegclib/jcomapi.o obj/default/application/jpegclib/jcparam.o obj/default/application/jpegclib/jcprepct.o obj/default/application/jpegclib/jcsample.o obj/default/application/jpegclib/jctrans.o obj/default/application/jpegclib/jdatadst.o obj/default/application/jpegclib/jerror.o obj/default/application/jpegclib/jfdctflt.o obj/default/application/jpegclib/jfdctfst.o obj/default/application/jpegclib/jfdctint.o obj/default/application/jpegclib/jidctflt.o obj/default/application/jpegclib/jidctfst.o obj/default/application/jpegclib/jidctint.o obj/default/application/jpegclib/jmemansi.o obj/default/application/jpegclib/jmemmgr.o obj/default/application/jpegclib/jquant1.o obj/default/application/jpegclib/jquant2.o obj/default/application/jpegclib/jutils.o obj/default/jpeg_encoder.o -lm 
c:/altera/12.1/nios2eds/bin/gnu/h-i686-mingw32/bin/../lib/gcc/nios2-elf/4.1.2/../../../../nios2-elf/lib/mno-hw-mul\libc.a(lib_a-unlinkr.o): In function `_unlink_r':
nios2-elf-insert JPEG_Encoder.elf --thread_model hal --cpu_name cpu --qsys true --simulation_enabled false --id 0 --sidp 0x8000020 --timestamp 1642426435 --stderr_dev jtag_uart --stdin_dev jtag_uart --stdout_dev jtag_uart --sopc_system_name SoC --quartus_project_dir "C:/Users/akila/Documents/co503/FPGA_CO503/Practical1_2" --jdi C:/Users/akila/Documents/co503/FPGA_CO503/Practical1_2/TopLevel.jdi --sopcinfo C:/Users/akila/Documents/co503/FPGA_CO503/Practical1_2/SoC.sopcinfo
/build/swbuild/SJ/nightly/12.1/177/l32/work/ip/sopc/app/gnu/BUILD/gnu/build-0-newlib.nios2-elf.i686-mingw32/nios2-elf/mno-hw-mul/newlib/libc/reent/../../../../../../src/newlib-1.16/newlib/libc/reent/unlinkr.c:54: warning: warning: unlink is not implemented and will always fail
      1 [main] sh 620 find_fast_cwd: WARNING: Couldn't compute FAST_CWD pointer.  Please report this problem to
the public mailing list cygwin@cygwin.com
      1 [main] uname 14344 find_fast_cwd: WARNING: Couldn't compute FAST_CWD pointer.  Please report this problem to
the public mailing list cygwin@cygwin.com
      1 [main] sh 13144 find_fast_cwd: WARNING: Couldn't compute FAST_CWD pointer.  Please report this problem to
the public mailing list cygwin@cygwin.com
Info: (JPEG_Encoder.elf) 65810 KBytes program size (code + initialized data).
Info:                    65255 KBytes free for stack + heap.
      1 [main] echo 2008 find_fast_cwd: WARNING: Couldn't compute FAST_CWD pointer.  Please report this problem to
Info: Creating JPEG_Encoder.objdump
the public mailing list cygwin@cygwin.com
nios2-elf-objdump --disassemble --syms --all-header --source JPEG_Encoder.elf >JPEG_Encoder.objdump
      1 [main] sh 1120 find_fast_cwd: WARNING: Couldn't compute FAST_CWD pointer.  Please report this problem to
the public mailing list cygwin@cygwin.com
      1 [main] sh 6960 find_fast_cwd: WARNING: Couldn't compute FAST_CWD pointer.  Please report this problem to
the public mailing list cygwin@cygwin.com
[JPEG_Encoder build complete]

**** Build Finished ****

**** Build of configuration Nios II for project JPEG_Encoder ****

make all 
      2 [main] sh 12056 find_fast_cwd: WARNING: Couldn't compute FAST_CWD pointer.  Please report this problem to
the public mailing list cygwin@cygwin.com
      1 [main] sh 13632 find_fast_cwd: WARNING: Couldn't compute FAST_CWD pointer.  Please report this problem to
the public mailing list cygwin@cygwin.com
      1 [main] echo 12200 find_fast_cwd: WARNING: Couldn't compute FAST_CWD pointer.  Please report this problem to
the public mailing list cygwin@cygwin.com
Info: Building ../JPEG_Encoder_bsp/
make --no-print-directory -C ../JPEG_Encoder_bsp/
      2 [main] pwd 16964 find_fast_cwd: WARNING: Couldn't compute FAST_CWD pointer.  Please report this problem to
the public mailing list cygwin@cygwin.com
      2 [main] sh 14268 find_fast_cwd: WARNING: Couldn't compute FAST_CWD pointer.  Please report this problem to
the public mailing list cygwin@cygwin.com
      2 [main] sh 14552 find_fast_cwd: WARNING: Couldn't compute FAST_CWD pointer.  Please report this problem to
the public mailing list cygwin@cygwin.com
[BSP build complete]
      2 [main] true 6552 find_fast_cwd: WARNING: Couldn't compute FAST_CWD pointer.  Please report this problem to
the public mailing list cygwin@cygwin.com
      1 [main] sh 7020 find_fast_cwd: WARNING: Couldn't compute FAST_CWD pointer.  Please report this problem to
the public mailing list cygwin@cygwin.com
[JPEG_Encoder build complete]

**** Build Finished ****

**** Build of configuration Nios II for project JPEG_Encoder ****

make all 
      1 [main] sh 9304 find_fast_cwd: WARNING: Couldn't compute FAST_CWD pointer.  Please report this problem to
the public mailing list cygwin@cygwin.com
      1 [main] sh 13288 find_fast_cwd: WARNING: Couldn't compute FAST_CWD pointer.  Please report this problem to
the public mailing list cygwin@cygwin.com
      1 [main] echo 12092 find_fast_cwd: WARNING: Couldn't compute FAST_CWD pointer.  Please report this problem to
the public mailing list cygwin@cygwin.com
Info: Building ../JPEG_Encoder_bsp/
make --no-print-directory -C ../JPEG_Encoder_bsp/
      1 [main] pwd 9852 find_fast_cwd: WARNING: Couldn't compute FAST_CWD pointer.  Please report this problem to
the public mailing list cygwin@cygwin.com
      1 [main] sh 3112 find_fast_cwd: WARNING: Couldn't compute FAST_CWD pointer.  Please report this problem to
the public mailing list cygwin@cygwin.com
      1 [main] sh 12940 find_fast_cwd: WARNING: Couldn't compute FAST_CWD pointer.  Please report this problem to
the public mailing list cygwin@cygwin.com
[BSP build complete]
      1 [main] echo 17396 find_fast_cwd: WARNING: Couldn't compute FAST_CWD pointer.  Please report this problem to
Info: Compiling jpeg_encoder.c to obj/default/jpeg_encoder.o
the public mailing list cygwin@cygwin.com
      1 [main] mkdir 8700 find_fast_cwd: WARNING: Couldn't compute FAST_CWD pointer.  Please report this problem to
nios2-elf-gcc -xc -MP -MMD -c -I../JPEG_Encoder_bsp//HAL/inc -I../JPEG_Encoder_bsp/ -I../JPEG_Encoder_bsp//drivers/inc  -DSYSTEM_BUS_WIDTH=32 -pipe -D__hal__ -DALT_NO_INSTRUCTION_EMULATION -DALT_SINGLE_THREADED    -O0 -g -Wall   -EL -mno-hw-div -mno-hw-mul -mno-hw-mulx  -o obj/default/jpeg_encoder.o jpeg_encoder.c
the public mailing list cygwin@cygwin.com
jpeg_encoder.c: In function 'convert_picture':
jpeg_encoder.c:77: warning: unused variable 'i'
      1 [main] true 8180 find_fast_cwd: WARNING: Couldn't compute FAST_CWD pointer.  Please report this problem to
the public mailing list cygwin@cygwin.com
      1 [main] echo 9220 find_fast_cwd: WARNING: Couldn't compute FAST_CWD pointer.  Please report this problem to
Info: Linking JPEG_Encoder.elf
the public mailing list cygwin@cygwin.com
nios2-elf-g++  -T'../JPEG_Encoder_bsp//linker.x' -msys-crt0='../JPEG_Encoder_bsp//obj/HAL/src/crt0.o' -msys-lib=hal_bsp -L../JPEG_Encoder_bsp/   -Wl,-Map=JPEG_Encoder.map   -O0 -g -Wall   -EL -mno-hw-div -mno-hw-mul -mno-hw-mulx  -o JPEG_Encoder.elf obj/default/application/bmp_extract.o obj/default/application/jpeg_encoding.o obj/default/application/jpegclib/cdjpeg.o obj/default/application/jpegclib/jaricom.o obj/default/application/jpegclib/jcapimin.o obj/default/application/jpegclib/jcapistd.o obj/default/application/jpegclib/jcarith.o obj/default/application/jpegclib/jccoefct.o obj/default/application/jpegclib/jccolor.o obj/default/application/jpegclib/jcdctmgr.o obj/default/application/jpegclib/jchuff.o obj/default/application/jpegclib/jcinit.o obj/default/application/jpegclib/jcmainct.o obj/default/application/jpegclib/jcmarker.o obj/default/application/jpegclib/jcmaster.o obj/default/application/jpegclib/jcomapi.o obj/default/application/jpegclib/jcparam.o obj/default/application/jpegclib/jcprepct.o obj/default/application/jpegclib/jcsample.o obj/default/application/jpegclib/jctrans.o obj/default/application/jpegclib/jdatadst.o obj/default/application/jpegclib/jerror.o obj/default/application/jpegclib/jfdctflt.o obj/default/application/jpegclib/jfdctfst.o obj/default/application/jpegclib/jfdctint.o obj/default/application/jpegclib/jidctflt.o obj/default/application/jpegclib/jidctfst.o obj/default/application/jpegclib/jidctint.o obj/default/application/jpegclib/jmemansi.o obj/default/application/jpegclib/jmemmgr.o obj/default/application/jpegclib/jquant1.o obj/default/application/jpegclib/jquant2.o obj/default/application/jpegclib/jutils.o obj/default/jpeg_encoder.o -lm 
nios2-elf-insert JPEG_Encoder.elf --thread_model hal --cpu_name cpu --qsys true --simulation_enabled false --id 0 --sidp 0x8000020 --timestamp 1642426435 --stderr_dev jtag_uart --stdin_dev jtag_uart --stdout_dev jtag_uart --sopc_system_name SoC --quartus_project_dir "C:/Users/akila/Documents/co503/FPGA_CO503/Practical1_2" --jdi C:/Users/akila/Documents/co503/FPGA_CO503/Practical1_2/TopLevel.jdi --sopcinfo C:/Users/akila/Documents/co503/FPGA_CO503/Practical1_2/SoC.sopcinfo
c:/altera/12.1/nios2eds/bin/gnu/h-i686-mingw32/bin/../lib/gcc/nios2-elf/4.1.2/../../../../nios2-elf/lib/mno-hw-mul\libc.a(lib_a-unlinkr.o): In function `_unlink_r':
/build/swbuild/SJ/nightly/12.1/177/l32/work/ip/sopc/app/gnu/BUILD/gnu/build-0-newlib.nios2-elf.i686-mingw32/nios2-elf/mno-hw-mul/newlib/libc/reent/../../../../../../src/newlib-1.16/newlib/libc/reent/unlinkr.c:54: warning: warning: unlink is not implemented and will always fail
      1 [main] sh 460 find_fast_cwd: WARNING: Couldn't compute FAST_CWD pointer.  Please report this problem to
the public mailing list cygwin@cygwin.com
      1 [main] uname 1884 find_fast_cwd: WARNING: Couldn't compute FAST_CWD pointer.  Please report this problem to
the public mailing list cygwin@cygwin.com
      1 [main] sh 3936 find_fast_cwd: WARNING: Couldn't compute FAST_CWD pointer.  Please report this problem to
the public mailing list cygwin@cygwin.com
Info: (JPEG_Encoder.elf) 65810 KBytes program size (code + initialized data).
Info:                    65255 KBytes free for stack + heap.
      1 [main] echo 16984 find_fast_cwd: WARNING: Couldn't compute FAST_CWD pointer.  Please report this problem to
Info: Creating JPEG_Encoder.objdump
the public mailing list cygwin@cygwin.com
nios2-elf-objdump --disassemble --syms --all-header --source JPEG_Encoder.elf >JPEG_Encoder.objdump
      1 [main] sh 8068 find_fast_cwd: WARNING: Couldn't compute FAST_CWD pointer.  Please report this problem to
the public mailing list cygwin@cygwin.com
      1 [main] sh 16964 find_fast_cwd: WARNING: Couldn't compute FAST_CWD pointer.  Please report this problem to
the public mailing list cygwin@cygwin.com
[JPEG_Encoder build complete]

**** Build Finished ****

**** Build of configuration Nios II for project JPEG_Encoder ****

make all 
      1 [main] sh 11492 find_fast_cwd: WARNING: Couldn't compute FAST_CWD pointer.  Please report this problem to
the public mailing list cygwin@cygwin.com
      1 [main] sh 2068 find_fast_cwd: WARNING: Couldn't compute FAST_CWD pointer.  Please report this problem to
the public mailing list cygwin@cygwin.com
      1 [main] echo 8468 find_fast_cwd: WARNING: Couldn't compute FAST_CWD pointer.  Please report this problem to
Info: Building ../JPEG_Encoder_bsp/
the public mailing list cygwin@cygwin.com
make --no-print-directory -C ../JPEG_Encoder_bsp/
      1 [main] pwd 596 find_fast_cwd: WARNING: Couldn't compute FAST_CWD pointer.  Please report this problem to
the public mailing list cygwin@cygwin.com
      1 [main] sh 5516 find_fast_cwd: WARNING: Couldn't compute FAST_CWD pointer.  Please report this problem to
the public mailing list cygwin@cygwin.com
      1 [main] sh 10552 find_fast_cwd: WARNING: Couldn't compute FAST_CWD pointer.  Please report this problem to
the public mailing list cygwin@cygwin.com
[BSP build complete]
      1 [main] true 12044 find_fast_cwd: WARNING: Couldn't compute FAST_CWD pointer.  Please report this problem to
the public mailing list cygwin@cygwin.com
      1 [main] sh 656 find_fast_cwd: WARNING: Couldn't compute FAST_CWD pointer.  Please report this problem to
the public mailing list cygwin@cygwin.com
[JPEG_Encoder build complete]

**** Build Finished ****

**** Build of configuration Nios II for project JPEG_Encoder ****

make all 
      1 [main] sh 16072 find_fast_cwd: WARNING: Couldn't compute FAST_CWD pointer.  Please report this problem to
the public mailing list cygwin@cygwin.com
      1 [main] sh 11320 find_fast_cwd: WARNING: Couldn't compute FAST_CWD pointer.  Please report this problem to
the public mailing list cygwin@cygwin.com
      1 [main] echo 4104 find_fast_cwd: WARNING: Couldn't compute FAST_CWD pointer.  Please report this problem to
Info: Building ../JPEG_Encoder_bsp/
the public mailing list cygwin@cygwin.com
make --no-print-directory -C ../JPEG_Encoder_bsp/
      1 [main] pwd 9020 find_fast_cwd: WARNING: Couldn't compute FAST_CWD pointer.  Please report this problem to
the public mailing list cygwin@cygwin.com
      1 [main] sh 11552 find_fast_cwd: WARNING: Couldn't compute FAST_CWD pointer.  Please report this problem to
the public mailing list cygwin@cygwin.com
      1 [main] sh 9320 find_fast_cwd: WARNING: Couldn't compute FAST_CWD pointer.  Please report this problem to
the public mailing list cygwin@cygwin.com
[BSP build complete]
      1 [main] echo 14164 find_fast_cwd: WARNING: Couldn't compute FAST_CWD pointer.  Please report this problem to
Info: Compiling jpeg_encoder.c to obj/default/jpeg_encoder.o
the public mailing list cygwin@cygwin.com
      1 [main] mkdir 3908 find_fast_cwd: WARNING: Couldn't compute FAST_CWD pointer.  Please report this problem to
the public mailing list cygwin@cygwin.com
nios2-elf-gcc -xc -MP -MMD -c -I../JPEG_Encoder_bsp//HAL/inc -I../JPEG_Encoder_bsp/ -I../JPEG_Encoder_bsp//drivers/inc  -DSYSTEM_BUS_WIDTH=32 -pipe -D__hal__ -DALT_NO_INSTRUCTION_EMULATION -DALT_SINGLE_THREADED    -O0 -g -Wall   -EL -mno-hw-div -mno-hw-mul -mno-hw-mulx  -o obj/default/jpeg_encoder.o jpeg_encoder.c
jpeg_encoder.c: In function 'convert_picture':
jpeg_encoder.c:75: warning: unused variable 'i'
      1 [main] true 16196 find_fast_cwd: WARNING: Couldn't compute FAST_CWD pointer.  Please report this problem to
the public mailing list cygwin@cygwin.com
      1 [main] echo 7920 find_fast_cwd: WARNING: Couldn't compute FAST_CWD pointer.  Please report this problem to
the public mailing list cygwin@cygwin.com
Info: Linking JPEG_Encoder.elf
nios2-elf-g++  -T'../JPEG_Encoder_bsp//linker.x' -msys-crt0='../JPEG_Encoder_bsp//obj/HAL/src/crt0.o' -msys-lib=hal_bsp -L../JPEG_Encoder_bsp/   -Wl,-Map=JPEG_Encoder.map   -O0 -g -Wall   -EL -mno-hw-div -mno-hw-mul -mno-hw-mulx  -o JPEG_Encoder.elf obj/default/application/bmp_extract.o obj/default/application/jpeg_encoding.o obj/default/application/jpegclib/cdjpeg.o obj/default/application/jpegclib/jaricom.o obj/default/application/jpegclib/jcapimin.o obj/default/application/jpegclib/jcapistd.o obj/default/application/jpegclib/jcarith.o obj/default/application/jpegclib/jccoefct.o obj/default/application/jpegclib/jccolor.o obj/default/application/jpegclib/jcdctmgr.o obj/default/application/jpegclib/jchuff.o obj/default/application/jpegclib/jcinit.o obj/default/application/jpegclib/jcmainct.o obj/default/application/jpegclib/jcmarker.o obj/default/application/jpegclib/jcmaster.o obj/default/application/jpegclib/jcomapi.o obj/default/application/jpegclib/jcparam.o obj/default/application/jpegclib/jcprepct.o obj/default/application/jpegclib/jcsample.o obj/default/application/jpegclib/jctrans.o obj/default/application/jpegclib/jdatadst.o obj/default/application/jpegclib/jerror.o obj/default/application/jpegclib/jfdctflt.o obj/default/application/jpegclib/jfdctfst.o obj/default/application/jpegclib/jfdctint.o obj/default/application/jpegclib/jidctflt.o obj/default/application/jpegclib/jidctfst.o obj/default/application/jpegclib/jidctint.o obj/default/application/jpegclib/jmemansi.o obj/default/application/jpegclib/jmemmgr.o obj/default/application/jpegclib/jquant1.o obj/default/application/jpegclib/jquant2.o obj/default/application/jpegclib/jutils.o obj/default/jpeg_encoder.o -lm 
c:/altera/12.1/nios2eds/bin/gnu/h-i686-mingw32/bin/../lib/gcc/nios2-elf/4.1.2/../../../../nios2-elf/lib/mno-hw-mul\libc.a(lib_a-unlinkr.o): In function `_unlink_r':
nios2-elf-insert JPEG_Encoder.elf --thread_model hal --cpu_name cpu --qsys true --simulation_enabled false --id 0 --sidp 0x8000020 --timestamp 1642426435 --stderr_dev jtag_uart --stdin_dev jtag_uart --stdout_dev jtag_uart --sopc_system_name SoC --quartus_project_dir "C:/Users/akila/Documents/co503/FPGA_CO503/Practical1_2" --jdi C:/Users/akila/Documents/co503/FPGA_CO503/Practical1_2/TopLevel.jdi --sopcinfo C:/Users/akila/Documents/co503/FPGA_CO503/Practical1_2/SoC.sopcinfo
/build/swbuild/SJ/nightly/12.1/177/l32/work/ip/sopc/app/gnu/BUILD/gnu/build-0-newlib.nios2-elf.i686-mingw32/nios2-elf/mno-hw-mul/newlib/libc/reent/../../../../../../src/newlib-1.16/newlib/libc/reent/unlinkr.c:54: warning: warning: unlink is not implemented and will always fail
      1 [main] sh 11892 find_fast_cwd: WARNING: Couldn't compute FAST_CWD pointer.  Please report this problem to
the public mailing list cygwin@cygwin.com
      1 [main] uname 13004 find_fast_cwd: WARNING: Couldn't compute FAST_CWD pointer.  Please report this problem to
the public mailing list cygwin@cygwin.com
      1 [main] sh 13760 find_fast_cwd: WARNING: Couldn't compute FAST_CWD pointer.  Please report this problem to
the public mailing list cygwin@cygwin.com
Info: (JPEG_Encoder.elf) 65810 KBytes program size (code + initialized data).
Info:                    65255 KBytes free for stack + heap.
      1 [main] echo 11904 find_fast_cwd: WARNING: Couldn't compute FAST_CWD pointer.  Please report this problem to
the public mailing list cygwin@cygwin.com
Info: Creating JPEG_Encoder.objdump
nios2-elf-objdump --disassemble --syms --all-header --source JPEG_Encoder.elf >JPEG_Encoder.objdump
      1 [main] sh 11404 find_fast_cwd: WARNING: Couldn't compute FAST_CWD pointer.  Please report this problem to
the public mailing list cygwin@cygwin.com
      1 [main] sh 3380 find_fast_cwd: WARNING: Couldn't compute FAST_CWD pointer.  Please report this problem to
the public mailing list cygwin@cygwin.com
[JPEG_Encoder build complete]

**** Build Finished ****

**** Build of configuration Nios II for project JPEG_Encoder ****

make all 
      1 [main] sh 9784 find_fast_cwd: WARNING: Couldn't compute FAST_CWD pointer.  Please report this problem to
the public mailing list cygwin@cygwin.com
      1 [main] sh 12180 find_fast_cwd: WARNING: Couldn't compute FAST_CWD pointer.  Please report this problem to
the public mailing list cygwin@cygwin.com
      1 [main] echo 152 find_fast_cwd: WARNING: Couldn't compute FAST_CWD pointer.  Please report this problem to
Info: Building ../JPEG_Encoder_bsp/
the public mailing list cygwin@cygwin.com
make --no-print-directory -C ../JPEG_Encoder_bsp/
      1 [main] pwd 14148 find_fast_cwd: WARNING: Couldn't compute FAST_CWD pointer.  Please report this problem to
the public mailing list cygwin@cygwin.com
      1 [main] sh 16860 find_fast_cwd: WARNING: Couldn't compute FAST_CWD pointer.  Please report this problem to
the public mailing list cygwin@cygwin.com
      0 [main] sh 3676 find_fast_cwd: WARNING: Couldn't compute FAST_CWD pointer.  Please report this problem to
the public mailing list cygwin@cygwin.com
[BSP build complete]
      1 [main] echo 3436 find_fast_cwd: WARNING: Couldn't compute FAST_CWD pointer.  Please report this problem to
the public mailing list cygwin@cygwin.com
Info: Compiling jpeg_encoder.c to obj/default/jpeg_encoder.o
      1 [main] mkdir 6672 find_fast_cwd: WARNING: Couldn't compute FAST_CWD pointer.  Please report this problem to
the public mailing list cygwin@cygwin.com
nios2-elf-gcc -xc -MP -MMD -c -I../JPEG_Encoder_bsp//HAL/inc -I../JPEG_Encoder_bsp/ -I../JPEG_Encoder_bsp//drivers/inc  -DSYSTEM_BUS_WIDTH=32 -pipe -D__hal__ -DALT_NO_INSTRUCTION_EMULATION -DALT_SINGLE_THREADED    -O0 -g -Wall   -EL -mno-hw-div -mno-hw-mul -mno-hw-mulx  -o obj/default/jpeg_encoder.o jpeg_encoder.c
jpeg_encoder.c: In function 'main':
jpeg_encoder.c:39: warning: large integer implicitly truncated to unsigned type
jpeg_encoder.c: In function 'convert_picture':
jpeg_encoder.c:75: warning: unused variable 'i'
      1 [main] true 10684 find_fast_cwd: WARNING: Couldn't compute FAST_CWD pointer.  Please report this problem to
the public mailing list cygwin@cygwin.com
      1 [main] echo 16732 find_fast_cwd: WARNING: Couldn't compute FAST_CWD pointer.  Please report this problem to
the public mailing list cygwin@cygwin.com
Info: Linking JPEG_Encoder.elf
nios2-elf-g++  -T'../JPEG_Encoder_bsp//linker.x' -msys-crt0='../JPEG_Encoder_bsp//obj/HAL/src/crt0.o' -msys-lib=hal_bsp -L../JPEG_Encoder_bsp/   -Wl,-Map=JPEG_Encoder.map   -O0 -g -Wall   -EL -mno-hw-div -mno-hw-mul -mno-hw-mulx  -o JPEG_Encoder.elf obj/default/application/bmp_extract.o obj/default/application/jpeg_encoding.o obj/default/application/jpegclib/cdjpeg.o obj/default/application/jpegclib/jaricom.o obj/default/application/jpegclib/jcapimin.o obj/default/application/jpegclib/jcapistd.o obj/default/application/jpegclib/jcarith.o obj/default/application/jpegclib/jccoefct.o obj/default/application/jpegclib/jccolor.o obj/default/application/jpegclib/jcdctmgr.o obj/default/application/jpegclib/jchuff.o obj/default/application/jpegclib/jcinit.o obj/default/application/jpegclib/jcmainct.o obj/default/application/jpegclib/jcmarker.o obj/default/application/jpegclib/jcmaster.o obj/default/application/jpegclib/jcomapi.o obj/default/application/jpegclib/jcparam.o obj/default/application/jpegclib/jcprepct.o obj/default/application/jpegclib/jcsample.o obj/default/application/jpegclib/jctrans.o obj/default/application/jpegclib/jdatadst.o obj/default/application/jpegclib/jerror.o obj/default/application/jpegclib/jfdctflt.o obj/default/application/jpegclib/jfdctfst.o obj/default/application/jpegclib/jfdctint.o obj/default/application/jpegclib/jidctflt.o obj/default/application/jpegclib/jidctfst.o obj/default/application/jpegclib/jidctint.o obj/default/application/jpegclib/jmemansi.o obj/default/application/jpegclib/jmemmgr.o obj/default/application/jpegclib/jquant1.o obj/default/application/jpegclib/jquant2.o obj/default/application/jpegclib/jutils.o obj/default/jpeg_encoder.o -lm 
c:/altera/12.1/nios2eds/bin/gnu/h-i686-mingw32/bin/../lib/gcc/nios2-elf/4.1.2/../../../../nios2-elf/lib/mno-hw-mul\libc.a(lib_a-unlinkr.o): In function `_unlink_r':
nios2-elf-insert JPEG_Encoder.elf --thread_model hal --cpu_name cpu --qsys true --simulation_enabled false --id 0 --sidp 0x8000020 --timestamp 1642426435 --stderr_dev jtag_uart --stdin_dev jtag_uart --stdout_dev jtag_uart --sopc_system_name SoC --quartus_project_dir "C:/Users/akila/Documents/co503/FPGA_CO503/Practical1_2" --jdi C:/Users/akila/Documents/co503/FPGA_CO503/Practical1_2/TopLevel.jdi --sopcinfo C:/Users/akila/Documents/co503/FPGA_CO503/Practical1_2/SoC.sopcinfo
/build/swbuild/SJ/nightly/12.1/177/l32/work/ip/sopc/app/gnu/BUILD/gnu/build-0-newlib.nios2-elf.i686-mingw32/nios2-elf/mno-hw-mul/newlib/libc/reent/../../../../../../src/newlib-1.16/newlib/libc/reent/unlinkr.c:54: warning: warning: unlink is not implemented and will always fail
      1 [main] sh 13772 find_fast_cwd: WARNING: Couldn't compute FAST_CWD pointer.  Please report this problem to
the public mailing list cygwin@cygwin.com
      1 [main] uname 15316 find_fast_cwd: WARNING: Couldn't compute FAST_CWD pointer.  Please report this problem to
the public mailing list cygwin@cygwin.com
      1 [main] sh 5504 find_fast_cwd: WARNING: Couldn't compute FAST_CWD pointer.  Please report this problem to
the public mailing list cygwin@cygwin.com
Info: (JPEG_Encoder.elf) 65810 KBytes program size (code + initialized data).
Info:                    65255 KBytes free for stack + heap.
      1 [main] echo 15912 find_fast_cwd: WARNING: Couldn't compute FAST_CWD pointer.  Please report this problem to
the public mailing list cygwin@cygwin.com
Info: Creating JPEG_Encoder.objdump
nios2-elf-objdump --disassemble --syms --all-header --source JPEG_Encoder.elf >JPEG_Encoder.objdump
      1 [main] sh 3896 find_fast_cwd: WARNING: Couldn't compute FAST_CWD pointer.  Please report this problem to
the public mailing list cygwin@cygwin.com
      1 [main] sh 15512 find_fast_cwd: WARNING: Couldn't compute FAST_CWD pointer.  Please report this problem to
the public mailing list cygwin@cygwin.com
[JPEG_Encoder build complete]

**** Build Finished ****

**** Build of configuration Nios II for project JPEG_Encoder ****

make all 
      1 [main] sh 16900 find_fast_cwd: WARNING: Couldn't compute FAST_CWD pointer.  Please report this problem to
the public mailing list cygwin@cygwin.com
      1 [main] sh 7088 find_fast_cwd: WARNING: Couldn't compute FAST_CWD pointer.  Please report this problem to
the public mailing list cygwin@cygwin.com
      1 [main] echo 9012 find_fast_cwd: WARNING: Couldn't compute FAST_CWD pointer.  Please report this problem to
Info: Building ../JPEG_Encoder_bsp/
the public mailing list cygwin@cygwin.com
make --no-print-directory -C ../JPEG_Encoder_bsp/
      1 [main] pwd 17116 find_fast_cwd: WARNING: Couldn't compute FAST_CWD pointer.  Please report this problem to
the public mailing list cygwin@cygwin.com
      1 [main] sh 13276 find_fast_cwd: WARNING: Couldn't compute FAST_CWD pointer.  Please report this problem to
the public mailing list cygwin@cygwin.com
      1 [main] sh 15640 find_fast_cwd: WARNING: Couldn't compute FAST_CWD pointer.  Please report this problem to
the public mailing list cygwin@cygwin.com
[BSP build complete]
      1 [main] echo 3128 find_fast_cwd: WARNING: Couldn't compute FAST_CWD pointer.  Please report this problem to
Info: Compiling jpeg_encoder.c to obj/default/jpeg_encoder.o
the public mailing list cygwin@cygwin.com
      1 [main] mkdir 4428 find_fast_cwd: WARNING: Couldn't compute FAST_CWD pointer.  Please report this problem to
the public mailing list cygwin@cygwin.com
nios2-elf-gcc -xc -MP -MMD -c -I../JPEG_Encoder_bsp//HAL/inc -I../JPEG_Encoder_bsp/ -I../JPEG_Encoder_bsp//drivers/inc  -DSYSTEM_BUS_WIDTH=32 -pipe -D__hal__ -DALT_NO_INSTRUCTION_EMULATION -DALT_SINGLE_THREADED    -O0 -g -Wall   -EL -mno-hw-div -mno-hw-mul -mno-hw-mulx  -o obj/default/jpeg_encoder.o jpeg_encoder.c
jpeg_encoder.c: In function 'convert_picture':
jpeg_encoder.c:78: warning: unused variable 'i'
      1 [main] true 10120 find_fast_cwd: WARNING: Couldn't compute FAST_CWD pointer.  Please report this problem to
the public mailing list cygwin@cygwin.com
      2 [main] echo 15088 find_fast_cwd: WARNING: Couldn't compute FAST_CWD pointer.  Please report this problem to
the public mailing list cygwin@cygwin.com
Info: Linking JPEG_Encoder.elf
nios2-elf-g++  -T'../JPEG_Encoder_bsp//linker.x' -msys-crt0='../JPEG_Encoder_bsp//obj/HAL/src/crt0.o' -msys-lib=hal_bsp -L../JPEG_Encoder_bsp/   -Wl,-Map=JPEG_Encoder.map   -O0 -g -Wall   -EL -mno-hw-div -mno-hw-mul -mno-hw-mulx  -o JPEG_Encoder.elf obj/default/application/bmp_extract.o obj/default/application/jpeg_encoding.o obj/default/application/jpegclib/cdjpeg.o obj/default/application/jpegclib/jaricom.o obj/default/application/jpegclib/jcapimin.o obj/default/application/jpegclib/jcapistd.o obj/default/application/jpegclib/jcarith.o obj/default/application/jpegclib/jccoefct.o obj/default/application/jpegclib/jccolor.o obj/default/application/jpegclib/jcdctmgr.o obj/default/application/jpegclib/jchuff.o obj/default/application/jpegclib/jcinit.o obj/default/application/jpegclib/jcmainct.o obj/default/application/jpegclib/jcmarker.o obj/default/application/jpegclib/jcmaster.o obj/default/application/jpegclib/jcomapi.o obj/default/application/jpegclib/jcparam.o obj/default/application/jpegclib/jcprepct.o obj/default/application/jpegclib/jcsample.o obj/default/application/jpegclib/jctrans.o obj/default/application/jpegclib/jdatadst.o obj/default/application/jpegclib/jerror.o obj/default/application/jpegclib/jfdctflt.o obj/default/application/jpegclib/jfdctfst.o obj/default/application/jpegclib/jfdctint.o obj/default/application/jpegclib/jidctflt.o obj/default/application/jpegclib/jidctfst.o obj/default/application/jpegclib/jidctint.o obj/default/application/jpegclib/jmemansi.o obj/default/application/jpegclib/jmemmgr.o obj/default/application/jpegclib/jquant1.o obj/default/application/jpegclib/jquant2.o obj/default/application/jpegclib/jutils.o obj/default/jpeg_encoder.o -lm 
c:/altera/12.1/nios2eds/bin/gnu/h-i686-mingw32/bin/../lib/gcc/nios2-elf/4.1.2/../../../../nios2-elf/lib/mno-hw-mul\libc.a(lib_a-unlinkr.o): In function `_unlink_r':
nios2-elf-insert JPEG_Encoder.elf --thread_model hal --cpu_name cpu --qsys true --simulation_enabled false --id 0 --sidp 0x8000020 --timestamp 1642426435 --stderr_dev jtag_uart --stdin_dev jtag_uart --stdout_dev jtag_uart --sopc_system_name SoC --quartus_project_dir "C:/Users/akila/Documents/co503/FPGA_CO503/Practical1_2" --jdi C:/Users/akila/Documents/co503/FPGA_CO503/Practical1_2/TopLevel.jdi --sopcinfo C:/Users/akila/Documents/co503/FPGA_CO503/Practical1_2/SoC.sopcinfo
/build/swbuild/SJ/nightly/12.1/177/l32/work/ip/sopc/app/gnu/BUILD/gnu/build-0-newlib.nios2-elf.i686-mingw32/nios2-elf/mno-hw-mul/newlib/libc/reent/../../../../../../src/newlib-1.16/newlib/libc/reent/unlinkr.c:54: warning: warning: unlink is not implemented and will always fail
      1 [main] sh 5656 find_fast_cwd: WARNING: Couldn't compute FAST_CWD pointer.  Please report this problem to
the public mailing list cygwin@cygwin.com
      1 [main] uname 16776 find_fast_cwd: WARNING: Couldn't compute FAST_CWD pointer.  Please report this problem to
the public mailing list cygwin@cygwin.com
      1 [main] sh 11236 find_fast_cwd: WARNING: Couldn't compute FAST_CWD pointer.  Please report this problem to
the public mailing list cygwin@cygwin.com
Info: (JPEG_Encoder.elf) 65810 KBytes program size (code + initialized data).
Info:                    65255 KBytes free for stack + heap.
      1 [main] echo 11836 find_fast_cwd: WARNING: Couldn't compute FAST_CWD pointer.  Please report this problem to
the public mailing list cygwin@cygwin.com
Info: Creating JPEG_Encoder.objdump
nios2-elf-objdump --disassemble --syms --all-header --source JPEG_Encoder.elf >JPEG_Encoder.objdump
      1 [main] sh 6260 find_fast_cwd: WARNING: Couldn't compute FAST_CWD pointer.  Please report this problem to
the public mailing list cygwin@cygwin.com
      0 [main] sh 11980 find_fast_cwd: WARNING: Couldn't compute FAST_CWD pointer.  Please report this problem to
the public mailing list cygwin@cygwin.com
[JPEG_Encoder build complete]

**** Build Finished ****

**** Build of configuration Nios II for project JPEG_Encoder ****

make all 
      1 [main] sh 2320 find_fast_cwd: WARNING: Couldn't compute FAST_CWD pointer.  Please report this problem to
the public mailing list cygwin@cygwin.com
      1 [main] sh 13288 find_fast_cwd: WARNING: Couldn't compute FAST_CWD pointer.  Please report this problem to
the public mailing list cygwin@cygwin.com
      1 [main] echo 15244 find_fast_cwd: WARNING: Couldn't compute FAST_CWD pointer.  Please report this problem to
Info: Building ../JPEG_Encoder_bsp/
the public mailing list cygwin@cygwin.com
make --no-print-directory -C ../JPEG_Encoder_bsp/
      1 [main] pwd 10208 find_fast_cwd: WARNING: Couldn't compute FAST_CWD pointer.  Please report this problem to
the public mailing list cygwin@cygwin.com
      1 [main] sh 14036 find_fast_cwd: WARNING: Couldn't compute FAST_CWD pointer.  Please report this problem to
the public mailing list cygwin@cygwin.com
      1 [main] sh 12044 find_fast_cwd: WARNING: Couldn't compute FAST_CWD pointer.  Please report this problem to
the public mailing list cygwin@cygwin.com
[BSP build complete]
      1 [main] echo 2968 find_fast_cwd: WARNING: Couldn't compute FAST_CWD pointer.  Please report this problem to
Info: Compiling jpeg_encoder.c to obj/default/jpeg_encoder.o
the public mailing list cygwin@cygwin.com
      1 [main] mkdir 17156 find_fast_cwd: WARNING: Couldn't compute FAST_CWD pointer.  Please report this problem to
nios2-elf-gcc -xc -MP -MMD -c -I../JPEG_Encoder_bsp//HAL/inc -I../JPEG_Encoder_bsp/ -I../JPEG_Encoder_bsp//drivers/inc  -DSYSTEM_BUS_WIDTH=32 -pipe -D__hal__ -DALT_NO_INSTRUCTION_EMULATION -DALT_SINGLE_THREADED    -O0 -g -Wall   -EL -mno-hw-div -mno-hw-mul -mno-hw-mulx  -o obj/default/jpeg_encoder.o jpeg_encoder.c
the public mailing list cygwin@cygwin.com
jpeg_encoder.c: In function 'convert_picture':
jpeg_encoder.c:80: warning: unused variable 'i'
      1 [main] true 14884 find_fast_cwd: WARNING: Couldn't compute FAST_CWD pointer.  Please report this problem to
the public mailing list cygwin@cygwin.com
      1 [main] echo 13860 find_fast_cwd: WARNING: Couldn't compute FAST_CWD pointer.  Please report this problem to
the public mailing list cygwin@cygwin.com
Info: Linking JPEG_Encoder.elf
nios2-elf-g++  -T'../JPEG_Encoder_bsp//linker.x' -msys-crt0='../JPEG_Encoder_bsp//obj/HAL/src/crt0.o' -msys-lib=hal_bsp -L../JPEG_Encoder_bsp/   -Wl,-Map=JPEG_Encoder.map   -O0 -g -Wall   -EL -mno-hw-div -mno-hw-mul -mno-hw-mulx  -o JPEG_Encoder.elf obj/default/application/bmp_extract.o obj/default/application/jpeg_encoding.o obj/default/application/jpegclib/cdjpeg.o obj/default/application/jpegclib/jaricom.o obj/default/application/jpegclib/jcapimin.o obj/default/application/jpegclib/jcapistd.o obj/default/application/jpegclib/jcarith.o obj/default/application/jpegclib/jccoefct.o obj/default/application/jpegclib/jccolor.o obj/default/application/jpegclib/jcdctmgr.o obj/default/application/jpegclib/jchuff.o obj/default/application/jpegclib/jcinit.o obj/default/application/jpegclib/jcmainct.o obj/default/application/jpegclib/jcmarker.o obj/default/application/jpegclib/jcmaster.o obj/default/application/jpegclib/jcomapi.o obj/default/application/jpegclib/jcparam.o obj/default/application/jpegclib/jcprepct.o obj/default/application/jpegclib/jcsample.o obj/default/application/jpegclib/jctrans.o obj/default/application/jpegclib/jdatadst.o obj/default/application/jpegclib/jerror.o obj/default/application/jpegclib/jfdctflt.o obj/default/application/jpegclib/jfdctfst.o obj/default/application/jpegclib/jfdctint.o obj/default/application/jpegclib/jidctflt.o obj/default/application/jpegclib/jidctfst.o obj/default/application/jpegclib/jidctint.o obj/default/application/jpegclib/jmemansi.o obj/default/application/jpegclib/jmemmgr.o obj/default/application/jpegclib/jquant1.o obj/default/application/jpegclib/jquant2.o obj/default/application/jpegclib/jutils.o obj/default/jpeg_encoder.o -lm 
c:/altera/12.1/nios2eds/bin/gnu/h-i686-mingw32/bin/../lib/gcc/nios2-elf/4.1.2/../../../../nios2-elf/lib/mno-hw-mul\libc.a(lib_a-unlinkr.o): In function `_unlink_r':
nios2-elf-insert JPEG_Encoder.elf --thread_model hal --cpu_name cpu --qsys true --simulation_enabled false --id 0 --sidp 0x8000020 --timestamp 1642426435 --stderr_dev jtag_uart --stdin_dev jtag_uart --stdout_dev jtag_uart --sopc_system_name SoC --quartus_project_dir "C:/Users/akila/Documents/co503/FPGA_CO503/Practical1_2" --jdi C:/Users/akila/Documents/co503/FPGA_CO503/Practical1_2/TopLevel.jdi --sopcinfo C:/Users/akila/Documents/co503/FPGA_CO503/Practical1_2/SoC.sopcinfo
/build/swbuild/SJ/nightly/12.1/177/l32/work/ip/sopc/app/gnu/BUILD/gnu/build-0-newlib.nios2-elf.i686-mingw32/nios2-elf/mno-hw-mul/newlib/libc/reent/../../../../../../src/newlib-1.16/newlib/libc/reent/unlinkr.c:54: warning: warning: unlink is not implemented and will always fail
      1 [main] sh 4248 find_fast_cwd: WARNING: Couldn't compute FAST_CWD pointer.  Please report this problem to
the public mailing list cygwin@cygwin.com
      1 [main] uname 16772 find_fast_cwd: WARNING: Couldn't compute FAST_CWD pointer.  Please report this problem to
the public mailing list cygwin@cygwin.com
      1 [main] sh 14180 find_fast_cwd: WARNING: Couldn't compute FAST_CWD pointer.  Please report this problem to
the public mailing list cygwin@cygwin.com
Info: (JPEG_Encoder.elf) 65810 KBytes program size (code + initialized data).
Info:                    65255 KBytes free for stack + heap.
      1 [main] echo 1152 find_fast_cwd: WARNING: Couldn't compute FAST_CWD pointer.  Please report this problem to
Info: Creating JPEG_Encoder.objdump
the public mailing list cygwin@cygwin.com
nios2-elf-objdump --disassemble --syms --all-header --source JPEG_Encoder.elf >JPEG_Encoder.objdump
      1 [main] sh 15680 find_fast_cwd: WARNING: Couldn't compute FAST_CWD pointer.  Please report this problem to
the public mailing list cygwin@cygwin.com
      1 [main] sh 14952 find_fast_cwd: WARNING: Couldn't compute FAST_CWD pointer.  Please report this problem to
the public mailing list cygwin@cygwin.com
[JPEG_Encoder build complete]

**** Build Finished ****

**** Build of configuration Nios II for project JPEG_Encoder ****

make all 
      1 [main] sh 14036 find_fast_cwd: WARNING: Couldn't compute FAST_CWD pointer.  Please report this problem to
the public mailing list cygwin@cygwin.com
      1 [main] sh 17292 find_fast_cwd: WARNING: Couldn't compute FAST_CWD pointer.  Please report this problem to
the public mailing list cygwin@cygwin.com
      1 [main] echo 3608 find_fast_cwd: WARNING: Couldn't compute FAST_CWD pointer.  Please report this problem to
the public mailing list cygwin@cygwin.com
Info: Building ../JPEG_Encoder_bsp/
make --no-print-directory -C ../JPEG_Encoder_bsp/
      1 [main] pwd 2060 find_fast_cwd: WARNING: Couldn't compute FAST_CWD pointer.  Please report this problem to
the public mailing list cygwin@cygwin.com
      1 [main] sh 14884 find_fast_cwd: WARNING: Couldn't compute FAST_CWD pointer.  Please report this problem to
the public mailing list cygwin@cygwin.com
      1 [main] sh 10332 find_fast_cwd: WARNING: Couldn't compute FAST_CWD pointer.  Please report this problem to
the public mailing list cygwin@cygwin.com
[BSP build complete]
      1 [main] true 11116 find_fast_cwd: WARNING: Couldn't compute FAST_CWD pointer.  Please report this problem to
the public mailing list cygwin@cygwin.com
      1 [main] sh 16088 find_fast_cwd: WARNING: Couldn't compute FAST_CWD pointer.  Please report this problem to
the public mailing list cygwin@cygwin.com
[JPEG_Encoder build complete]

**** Build Finished ****
